2004.09.08 10:40 B C:\Documents and Settings\rmendoza\Desktop\Monterey\Deliverables\ChallengeOptions.pdf <-- Ipswitch /Courses/Monterey/Deliverables ChallengeOptions.pdf
2004.09.08 10:40 B C:\Documents and Settings\rmendoza\Desktop\Monterey\Deliverables\FinalPortfolios.pdf <-- Ipswitch /Courses/Monterey/Deliverables FinalPortfolios.pdf
2004.09.08 10:40 B C:\Documents and Settings\rmendoza\Desktop\Monterey\Deliverables\LD5MapsChronology.html <-- Ipswitch /Courses/Monterey/Deliverables LD5MapsChronology.html
2004.09.08 10:40 B C:\Documents and Settings\rmendoza\Desktop\Monterey\Deliverables\OralReports.pdf <-- Ipswitch /Courses/Monterey/Deliverables OralReports.pdf
2004.09.08 10:40 B C:\Documents and Settings\rmendoza\Desktop\Monterey\Deliverables\SBSC225LD1.pdf <-- Ipswitch /Courses/Monterey/Deliverables SBSC225LD1.pdf
2004.09.08 10:40 B C:\Documents and Settings\rmendoza\Desktop\Monterey\Deliverables\SBSC225LD10.pdf <-- Ipswitch /Courses/Monterey/Deliverables SBSC225LD10.pdf
2004.09.08 10:40 B C:\Documents and Settings\rmendoza\Desktop\Monterey\Deliverables\SBSC225LD2.pdf <-- Ipswitch /Courses/Monterey/Deliverables SBSC225LD2.pdf
2004.09.08 10:40 B C:\Documents and Settings\rmendoza\Desktop\Monterey\Deliverables\SBSC225LD3.pdf <-- Ipswitch /Courses/Monterey/Deliverables SBSC225LD3.pdf
2004.09.08 10:40 B C:\Documents and Settings\rmendoza\Desktop\Monterey\Deliverables\SBSC225LD4.pdf <-- Ipswitch /Courses/Monterey/Deliverables SBSC225LD4.pdf
2004.09.08 10:40 B C:\Documents and Settings\rmendoza\Desktop\Monterey\Deliverables\SBSC225LD5.pdf <-- Ipswitch /Courses/Monterey/Deliverables SBSC225LD5.pdf
2004.09.08 10:40 B C:\Documents and Settings\rmendoza\Desktop\Monterey\Deliverables\SBSC225LD6.pdf <-- Ipswitch /Courses/Monterey/Deliverables SBSC225LD6.pdf
2004.09.08 10:40 B C:\Documents and Settings\rmendoza\Desktop\Monterey\Deliverables\SBSC225LD7.pdf <-- Ipswitch /Courses/Monterey/Deliverables SBSC225LD7.pdf
2004.09.08 10:40 B C:\Documents and Settings\rmendoza\Desktop\Monterey\Deliverables\SBSC225LD8.pdf <-- Ipswitch /Courses/Monterey/Deliverables SBSC225LD8.pdf
2004.09.08 10:40 B C:\Documents and Settings\rmendoza\Desktop\Monterey\Deliverables\SBSC225MD2.pdf <-- Ipswitch /Courses/Monterey/Deliverables SBSC225MD2.pdf
2004.09.08 10:40 B C:\Documents and Settings\rmendoza\Desktop\Monterey\Deliverables\SBSC225MD3.pdf <-- Ipswitch /Courses/Monterey/Deliverables SBSC225MD3.pdf
2004.09.08 10:40 B C:\Documents and Settings\rmendoza\Desktop\Monterey\Deliverables\SBSC225MD4.pdf <-- Ipswitch /Courses/Monterey/Deliverables SBSC225MD4.pdf
2004.09.08 10:40 B C:\Documents and Settings\rmendoza\Desktop\Monterey\Deliverables\SelfAssessment.pdf <-- Ipswitch /Courses/Monterey/Deliverables SelfAssessment.pdf
2004.09.08 11:24 B C:\Documents and Settings\rmendoza\Desktop\Monterey\Deliverables\WS_FTP.LOG --> archaeology.csumb.edu /Courses/Monterey/Deliverables WS_FTP.LOG
2004.09.14 09:39 B C:\Documents and Settings\rmendoza\Desktop\HispanicCalifornia\Deliverables\ChallengeOptions.pdf --> archaeology.csumb.edu /Courses/HispanicCalifornia/Deliverables ChallengeOptions.pdf
2004.09.14 09:39 B C:\Documents and Settings\rmendoza\Desktop\HispanicCalifornia\Deliverables\FinalPortfolios.pdf --> archaeology.csumb.edu /Courses/HispanicCalifornia/Deliverables FinalPortfolios.pdf
2004.09.14 09:39 B C:\Documents and Settings\rmendoza\Desktop\HispanicCalifornia\Deliverables\LD5MapsChronology.html --> archaeology.csumb.edu /Courses/HispanicCalifornia/Deliverables LD5MapsChronology.html
2004.09.14 09:39 B C:\Documents and Settings\rmendoza\Desktop\HispanicCalifornia\Deliverables\OralReports.pdf --> archaeology.csumb.edu /Courses/HispanicCalifornia/Deliverables OralReports.pdf
2004.09.14 09:39 B C:\Documents and Settings\rmendoza\Desktop\HispanicCalifornia\Deliverables\SBSC225LD1.pdf --> archaeology.csumb.edu /Courses/HispanicCalifornia/Deliverables SBSC225LD1.pdf
2004.09.14 09:39 B C:\Documents and Settings\rmendoza\Desktop\HispanicCalifornia\Deliverables\SBSC225LD10.pdf --> archaeology.csumb.edu /Courses/HispanicCalifornia/Deliverables SBSC225LD10.pdf
2004.09.14 09:39 B C:\Documents and Settings\rmendoza\Desktop\HispanicCalifornia\Deliverables\SBSC225LD2.pdf --> archaeology.csumb.edu /Courses/HispanicCalifornia/Deliverables SBSC225LD2.pdf
2004.09.14 09:39 B C:\Documents and Settings\rmendoza\Desktop\HispanicCalifornia\Deliverables\SBSC225LD3.pdf --> archaeology.csumb.edu /Courses/HispanicCalifornia/Deliverables SBSC225LD3.pdf
2004.09.14 09:39 B C:\Documents and Settings\rmendoza\Desktop\HispanicCalifornia\Deliverables\SBSC225LD4.pdf --> archaeology.csumb.edu /Courses/HispanicCalifornia/Deliverables SBSC225LD4.pdf
2004.09.14 09:39 B C:\Documents and Settings\rmendoza\Desktop\HispanicCalifornia\Deliverables\SBSC225LD5.pdf --> archaeology.csumb.edu /Courses/HispanicCalifornia/Deliverables SBSC225LD5.pdf
2004.09.14 09:39 B C:\Documents and Settings\rmendoza\Desktop\HispanicCalifornia\Deliverables\SBSC225LD6.pdf --> archaeology.csumb.edu /Courses/HispanicCalifornia/Deliverables SBSC225LD6.pdf
2004.09.14 09:39 B C:\Documents and Settings\rmendoza\Desktop\HispanicCalifornia\Deliverables\SBSC225LD7.pdf --> archaeology.csumb.edu /Courses/HispanicCalifornia/Deliverables SBSC225LD7.pdf
2004.09.14 09:39 B C:\Documents and Settings\rmendoza\Desktop\HispanicCalifornia\Deliverables\SBSC225LD8.pdf --> archaeology.csumb.edu /Courses/HispanicCalifornia/Deliverables SBSC225LD8.pdf
2004.09.14 09:39 B C:\Documents and Settings\rmendoza\Desktop\HispanicCalifornia\Deliverables\SBSC225MD2.pdf --> archaeology.csumb.edu /Courses/HispanicCalifornia/Deliverables SBSC225MD2.pdf
2004.09.14 09:39 B C:\Documents and Settings\rmendoza\Desktop\HispanicCalifornia\Deliverables\SBSC225MD3.pdf --> archaeology.csumb.edu /Courses/HispanicCalifornia/Deliverables SBSC225MD3.pdf
2004.09.14 09:39 B C:\Documents and Settings\rmendoza\Desktop\HispanicCalifornia\Deliverables\SBSC225MD4.pdf --> archaeology.csumb.edu /Courses/HispanicCalifornia/Deliverables SBSC225MD4.pdf
2004.09.14 09:39 B C:\Documents and Settings\rmendoza\Desktop\HispanicCalifornia\Deliverables\SelfAssessment.pdf --> archaeology.csumb.edu /Courses/HispanicCalifornia/Deliverables SelfAssessment.pdf
