2005.05.09 17:39 B C:\Documents and Settings\rmendoza\Desktop\SacredMysteries\Titles\PSDs\Bibliography.psd --> archaeology.csumb.edu C:/sambar61/docs/SacredMysteries/Titles/PSDs Bibliography.psd
2005.05.09 17:39 B C:\Documents and Settings\rmendoza\Desktop\SacredMysteries\Titles\PSDs\Credits.psd --> archaeology.csumb.edu C:/sambar61/docs/SacredMysteries/Titles/PSDs Credits.psd
2005.05.09 17:39 B C:\Documents and Settings\rmendoza\Desktop\SacredMysteries\Titles\PSDs\Glossary.psd --> archaeology.csumb.edu C:/sambar61/docs/SacredMysteries/Titles/PSDs Glossary.psd
2005.05.11 13:36 B C:\Documents and Settings\rmendoza\Desktop\SacredMysteries\Titles\PSDs\BibliographyBrn.psd --> archaeology.csumb.edu C:/sambar61/docs/SacredMysteries/Titles/PSDs BibliographyBrn.psd
2005.05.11 13:36 B C:\Documents and Settings\rmendoza\Desktop\SacredMysteries\Titles\PSDs\BibliographyYW.psd --> archaeology.csumb.edu C:/sambar61/docs/SacredMysteries/Titles/PSDs BibliographyYW.psd
2005.05.11 13:36 B C:\Documents and Settings\rmendoza\Desktop\SacredMysteries\Titles\PSDs\CreditsBrn.psd --> archaeology.csumb.edu C:/sambar61/docs/SacredMysteries/Titles/PSDs CreditsBrn.psd
2005.05.11 13:36 B C:\Documents and Settings\rmendoza\Desktop\SacredMysteries\Titles\PSDs\FeastDaysBrn.psd --> archaeology.csumb.edu C:/sambar61/docs/SacredMysteries/Titles/PSDs FeastDaysBrn.psd
2005.05.11 13:36 B C:\Documents and Settings\rmendoza\Desktop\SacredMysteries\Titles\PSDs\FeastDaysYW.psd --> archaeology.csumb.edu C:/sambar61/docs/SacredMysteries/Titles/PSDs FeastDaysYW.psd
2005.05.11 13:36 B C:\Documents and Settings\rmendoza\Desktop\SacredMysteries\Titles\PSDs\GlossaryBrn.psd --> archaeology.csumb.edu C:/sambar61/docs/SacredMysteries/Titles/PSDs GlossaryBrn.psd
2005.05.11 13:36 B C:\Documents and Settings\rmendoza\Desktop\SacredMysteries\Titles\PSDs\GlossaryYW.psd --> archaeology.csumb.edu C:/sambar61/docs/SacredMysteries/Titles/PSDs GlossaryYW.psd
2005.05.11 13:36 B C:\Documents and Settings\rmendoza\Desktop\SacredMysteries\Titles\PSDs\ImagesBrn.psd --> archaeology.csumb.edu C:/sambar61/docs/SacredMysteries/Titles/PSDs ImagesBrn.psd
2005.05.11 13:36 B C:\Documents and Settings\rmendoza\Desktop\SacredMysteries\Titles\PSDs\ImagesYW.psd --> archaeology.csumb.edu C:/sambar61/docs/SacredMysteries/Titles/PSDs ImagesYW.psd
2005.05.11 13:36 B C:\Documents and Settings\rmendoza\Desktop\SacredMysteries\Titles\PSDs\IntroductionBrn.psd --> archaeology.csumb.edu C:/sambar61/docs/SacredMysteries/Titles/PSDs IntroductionBrn.psd
2005.05.11 13:36 B C:\Documents and Settings\rmendoza\Desktop\SacredMysteries\Titles\PSDs\IntroductionYW.psd --> archaeology.csumb.edu C:/sambar61/docs/SacredMysteries/Titles/PSDs IntroductionYW.psd
2005.05.11 13:36 B C:\Documents and Settings\rmendoza\Desktop\SacredMysteries\Titles\PSDs\MaterialCultureBrn.psd --> archaeology.csumb.edu C:/sambar61/docs/SacredMysteries/Titles/PSDs MaterialCultureBrn.psd
2005.05.11 13:36 B C:\Documents and Settings\rmendoza\Desktop\SacredMysteries\Titles\PSDs\MaterialCultureYW.psd --> archaeology.csumb.edu C:/sambar61/docs/SacredMysteries/Titles/PSDs MaterialCultureYW.psd
2005.05.11 13:36 B C:\Documents and Settings\rmendoza\Desktop\SacredMysteries\Titles\PSDs\ResourcesBrn.psd --> archaeology.csumb.edu C:/sambar61/docs/SacredMysteries/Titles/PSDs ResourcesBrn.psd
2005.05.11 13:36 B C:\Documents and Settings\rmendoza\Desktop\SacredMysteries\Titles\PSDs\ResourcesYW.psd --> archaeology.csumb.edu C:/sambar61/docs/SacredMysteries/Titles/PSDs ResourcesYW.psd
2005.05.11 13:36 B C:\Documents and Settings\rmendoza\Desktop\SacredMysteries\Titles\PSDs\SacredSpacesBrn.psd --> archaeology.csumb.edu C:/sambar61/docs/SacredMysteries/Titles/PSDs SacredSpacesBrn.psd
2005.05.11 13:36 B C:\Documents and Settings\rmendoza\Desktop\SacredMysteries\Titles\PSDs\SacredSpacesYW.psd --> archaeology.csumb.edu C:/sambar61/docs/SacredMysteries/Titles/PSDs SacredSpacesYW.psd
2005.05.11 13:36 B C:\Documents and Settings\rmendoza\Desktop\SacredMysteries\Titles\PSDs\SymbologyBrn.psd --> archaeology.csumb.edu C:/sambar61/docs/SacredMysteries/Titles/PSDs SymbologyBrn.psd
2005.05.11 13:36 B C:\Documents and Settings\rmendoza\Desktop\SacredMysteries\Titles\PSDs\SymbologyYW.psd --> archaeology.csumb.edu C:/sambar61/docs/SacredMysteries/Titles/PSDs SymbologyYW.psd
2005.05.11 13:36 B C:\Documents and Settings\rmendoza\Desktop\SacredMysteries\Titles\PSDs\WS_FTP.LOG --> archaeology.csumb.edu C:/sambar61/docs/SacredMysteries/Titles/PSDs WS_FTP.LOG
2005.05.11 17:50 B C:\Documents and Settings\rmendoza\Desktop\SacredMysteries\Titles\PSDs\DivineRepresentationsSubtitleMn.psd --> archaeology.csumb.edu C:/sambar61/docs/SacredMysteries/Titles/PSDs DivineRepresentationsSubtitleMn.psd
2005.05.11 17:50 B C:\Documents and Settings\rmendoza\Desktop\SacredMysteries\Titles\PSDs\ExploringSacredSpacesSubtitleMn.psd --> archaeology.csumb.edu C:/sambar61/docs/SacredMysteries/Titles/PSDs ExploringSacredSpacesSubtitleMn.psd
2005.05.11 17:50 B C:\Documents and Settings\rmendoza\Desktop\SacredMysteries\Titles\PSDs\InterpretingMatlChristianitySubtitleMn.psd --> archaeology.csumb.edu C:/sambar61/docs/SacredMysteries/Titles/PSDs InterpretingMatlChristianitySubtitleMn.psd
2005.05.11 17:50 B C:\Documents and Settings\rmendoza\Desktop\SacredMysteries\Titles\PSDs\InterpretingMatlCultreSubtitleMn.psd --> archaeology.csumb.edu C:/sambar61/docs/SacredMysteries/Titles/PSDs InterpretingMatlCultreSubtitleMn.psd
2005.05.11 17:50 B C:\Documents and Settings\rmendoza\Desktop\SacredMysteries\Titles\PSDs\RitualCycleSubtitleMn.psd --> archaeology.csumb.edu C:/sambar61/docs/SacredMysteries/Titles/PSDs RitualCycleSubtitleMn.psd
2005.05.11 17:50 B C:\Documents and Settings\rmendoza\Desktop\SacredMysteries\Titles\PSDs\VisualizingSacredSubtitleMn.psd --> archaeology.csumb.edu C:/sambar61/docs/SacredMysteries/Titles/PSDs VisualizingSacredSubtitleMn.psd
