2004.09.08 10:40 B C:\Documents and Settings\rmendoza\Desktop\Monterey\Advising.htm <-- Ipswitch /Courses/Monterey Advising.htm
2004.09.08 10:40 B C:\Documents and Settings\rmendoza\Desktop\Monterey\BlueDroplets.gif <-- Ipswitch /Courses/Monterey BlueDroplets.gif
2004.09.08 10:40 B C:\Documents and Settings\rmendoza\Desktop\Monterey\bones_n_rocks1.jpg <-- Ipswitch /Courses/Monterey bones_n_rocks1.jpg
2004.09.08 10:40 B C:\Documents and Settings\rmendoza\Desktop\Monterey\CaliforniaBevel1851.jpg <-- Ipswitch /Courses/Monterey CaliforniaBevel1851.jpg
2004.09.08 10:40 B C:\Documents and Settings\rmendoza\Desktop\Monterey\Contents.html <-- Ipswitch /Courses/Monterey Contents.html
2004.09.08 10:40 B C:\Documents and Settings\rmendoza\Desktop\Monterey\Deliverables.html <-- Ipswitch /Courses/Monterey Deliverables.html
2004.09.08 10:40 B C:\Documents and Settings\rmendoza\Desktop\Monterey\Index.htm <-- Ipswitch /Courses/Monterey Index.htm
2004.09.08 10:40 B C:\Documents and Settings\rmendoza\Desktop\Monterey\Introduction.html <-- Ipswitch /Courses/Monterey Introduction.html
2004.09.08 10:40 B C:\Documents and Settings\rmendoza\Desktop\Monterey\links.htm <-- Ipswitch /Courses/Monterey links.htm
2004.09.08 10:40 B C:\Documents and Settings\rmendoza\Desktop\Monterey\majolica.jpg <-- Ipswitch /Courses/Monterey majolica.jpg
2004.09.08 10:40 B C:\Documents and Settings\rmendoza\Desktop\Monterey\maplink.html <-- Ipswitch /Courses/Monterey maplink.html
2004.09.08 10:40 B C:\Documents and Settings\rmendoza\Desktop\Monterey\MD2SelfAssessment.htm <-- Ipswitch /Courses/Monterey MD2SelfAssessment.htm
2004.09.08 10:40 B C:\Documents and Settings\rmendoza\Desktop\Monterey\MissionYoke.jpg <-- Ipswitch /Courses/Monterey MissionYoke.jpg
2004.09.08 10:40 B C:\Documents and Settings\rmendoza\Desktop\Monterey\PacificHouseBannerBevel.jpg <-- Ipswitch /Courses/Monterey PacificHouseBannerBevel.jpg
2004.09.08 10:40 B C:\Documents and Settings\rmendoza\Desktop\Monterey\patolli.zip <-- Ipswitch /Courses/Monterey patolli.zip
2004.09.08 10:40 B C:\Documents and Settings\rmendoza\Desktop\Monterey\people_shadow.jpg <-- Ipswitch /Courses/Monterey people_shadow.jpg
2004.09.08 10:40 B C:\Documents and Settings\rmendoza\Desktop\Monterey\Readings.html <-- Ipswitch /Courses/Monterey Readings.html
2004.09.08 10:40 B C:\Documents and Settings\rmendoza\Desktop\Monterey\SanCarlosChapelBevel01.jpg <-- Ipswitch /Courses/Monterey SanCarlosChapelBevel01.jpg
2004.09.08 10:40 B C:\Documents and Settings\rmendoza\Desktop\Monterey\sbsc320sCoverArtMn.jpg <-- Ipswitch /Courses/Monterey sbsc320sCoverArtMn.jpg
2004.09.08 10:40 B C:\Documents and Settings\rmendoza\Desktop\Monterey\Schedule.html <-- Ipswitch /Courses/Monterey Schedule.html
2004.09.08 10:40 B C:\Documents and Settings\rmendoza\Desktop\Monterey\SyllabusF01.htm <-- Ipswitch /Courses/Monterey SyllabusF01.htm
2004.09.08 10:40 B C:\Documents and Settings\rmendoza\Desktop\Monterey\VirtualCompass.gif <-- Ipswitch /Courses/Monterey VirtualCompass.gif
2004.09.08 11:26 B C:\Documents and Settings\rmendoza\Desktop\Monterey\Advising.htm --> archaeology.csumb.edu /Courses/Monterey Advising.htm
2004.09.08 11:26 B C:\Documents and Settings\rmendoza\Desktop\Monterey\Index.htm --> archaeology.csumb.edu /Courses/Monterey Index.htm
2004.09.08 11:26 B C:\Documents and Settings\rmendoza\Desktop\Monterey\Readings.html --> archaeology.csumb.edu /Courses/Monterey Readings.html
2004.09.08 11:26 B C:\Documents and Settings\rmendoza\Desktop\Monterey\sbsc320sCoverArtMn.jpg --> archaeology.csumb.edu /Courses/Monterey sbsc320sCoverArtMn.jpg
2004.09.08 11:26 B C:\Documents and Settings\rmendoza\Desktop\Monterey\sbsc320sCoverArtMn1.jpg --> archaeology.csumb.edu /Courses/Monterey sbsc320sCoverArtMn1.jpg
2004.09.08 11:26 B C:\Documents and Settings\rmendoza\Desktop\Monterey\Schedule.html --> archaeology.csumb.edu /Courses/Monterey Schedule.html
2004.09.08 11:26 B C:\Documents and Settings\rmendoza\Desktop\Monterey\ScheduleF01.html --> archaeology.csumb.edu /Courses/Monterey ScheduleF01.html
2004.09.08 11:26 B C:\Documents and Settings\rmendoza\Desktop\Monterey\Syllabus.htm --> archaeology.csumb.edu /Courses/Monterey Syllabus.htm
