2004.09.08 10:40 B C:\Documents and Settings\rmendoza\Desktop\Monterey\Images\bones_n_rocks1.jpg <-- Ipswitch /Courses/Monterey/Images bones_n_rocks1.jpg
2004.09.08 10:40 B C:\Documents and Settings\rmendoza\Desktop\Monterey\Images\CustomsHouse.jpg <-- Ipswitch /Courses/Monterey/Images CustomsHouse.jpg
2004.09.08 10:40 B C:\Documents and Settings\rmendoza\Desktop\Monterey\Images\majolica.jpg <-- Ipswitch /Courses/Monterey/Images majolica.jpg
2004.09.08 10:40 B C:\Documents and Settings\rmendoza\Desktop\Monterey\Images\MissionYoke.jpg <-- Ipswitch /Courses/Monterey/Images MissionYoke.jpg
2004.09.08 10:40 B C:\Documents and Settings\rmendoza\Desktop\Monterey\Images\PacificHouseBanner.jpg <-- Ipswitch /Courses/Monterey/Images PacificHouseBanner.jpg
2004.09.08 10:40 B C:\Documents and Settings\rmendoza\Desktop\Monterey\Images\PacificHouseBannerBevel.jpg <-- Ipswitch /Courses/Monterey/Images PacificHouseBannerBevel.jpg
2004.09.08 10:40 B C:\Documents and Settings\rmendoza\Desktop\Monterey\Images\people_shadow.jpg <-- Ipswitch /Courses/Monterey/Images people_shadow.jpg
2004.09.08 10:40 B C:\Documents and Settings\rmendoza\Desktop\Monterey\Images\SanCarlosChapel01.jpg <-- Ipswitch /Courses/Monterey/Images SanCarlosChapel01.jpg
2004.09.08 10:40 B C:\Documents and Settings\rmendoza\Desktop\Monterey\Images\SanCarlosChapelBevel01.jpg <-- Ipswitch /Courses/Monterey/Images SanCarlosChapelBevel01.jpg
2004.09.08 10:40 B C:\Documents and Settings\rmendoza\Desktop\Monterey\Images\sbsc320sCoverArt.jpg <-- Ipswitch /Courses/Monterey/Images sbsc320sCoverArt.jpg
2004.09.08 10:40 B C:\Documents and Settings\rmendoza\Desktop\Monterey\Images\sbsc320sCoverArtMn.jpg <-- Ipswitch /Courses/Monterey/Images sbsc320sCoverArtMn.jpg
2004.09.08 10:40 B C:\Documents and Settings\rmendoza\Desktop\Monterey\Images\VirtualCompass.gif <-- Ipswitch /Courses/Monterey/Images VirtualCompass.gif
2004.09.08 11:24 B C:\Documents and Settings\rmendoza\Desktop\Monterey\Images\CustomsHouse.jpg --> archaeology.csumb.edu /Courses/Monterey/Images CustomsHouse.jpg
2004.09.08 11:25 B C:\Documents and Settings\rmendoza\Desktop\Monterey\Images\CustomsHouse1.jpg --> archaeology.csumb.edu /Courses/Monterey/Images CustomsHouse1.jpg
2004.09.08 11:25 B C:\Documents and Settings\rmendoza\Desktop\Monterey\Images\CustomsHouseLogo.pdf --> archaeology.csumb.edu /Courses/Monterey/Images CustomsHouseLogo.pdf
2004.09.14 13:12 B C:\Documents and Settings\rmendoza\Desktop\Images\WS_FTP.LOG <-- archaeology /Courses/Monterey/Images WS_FTP.LOG
2004.09.14 13:12 B C:\Documents and Settings\rmendoza\Desktop\Images\bones_n_rocks1.jpg --> archaeology.csumb.edu /Courses/HispanicCalifornia/Images bones_n_rocks1.jpg
2004.09.14 13:12 B C:\Documents and Settings\rmendoza\Desktop\Images\CustomsHouse.jpg --> archaeology.csumb.edu /Courses/HispanicCalifornia/Images CustomsHouse.jpg
2004.09.14 13:12 B C:\Documents and Settings\rmendoza\Desktop\Images\CustomsHouse1.jpg --> archaeology.csumb.edu /Courses/HispanicCalifornia/Images CustomsHouse1.jpg
2004.09.14 13:12 B C:\Documents and Settings\rmendoza\Desktop\Images\CustomsHouseLogo.pdf --> archaeology.csumb.edu /Courses/HispanicCalifornia/Images CustomsHouseLogo.pdf
2004.09.14 13:12 B C:\Documents and Settings\rmendoza\Desktop\Images\majolica.jpg --> archaeology.csumb.edu /Courses/HispanicCalifornia/Images majolica.jpg
2004.09.14 13:12 B C:\Documents and Settings\rmendoza\Desktop\Images\MissionYoke.jpg --> archaeology.csumb.edu /Courses/HispanicCalifornia/Images MissionYoke.jpg
2004.09.14 13:12 B C:\Documents and Settings\rmendoza\Desktop\Images\PacificHouseBanner.jpg --> archaeology.csumb.edu /Courses/HispanicCalifornia/Images PacificHouseBanner.jpg
2004.09.14 13:12 B C:\Documents and Settings\rmendoza\Desktop\Images\PacificHouseBannerBevel.jpg --> archaeology.csumb.edu /Courses/HispanicCalifornia/Images PacificHouseBannerBevel.jpg
2004.09.14 13:12 B C:\Documents and Settings\rmendoza\Desktop\Images\people_shadow.jpg --> archaeology.csumb.edu /Courses/HispanicCalifornia/Images people_shadow.jpg
2004.09.14 13:12 B C:\Documents and Settings\rmendoza\Desktop\Images\SanCarlosChapel01.jpg --> archaeology.csumb.edu /Courses/HispanicCalifornia/Images SanCarlosChapel01.jpg
2004.09.14 13:12 B C:\Documents and Settings\rmendoza\Desktop\Images\SanCarlosChapelBevel01.jpg --> archaeology.csumb.edu /Courses/HispanicCalifornia/Images SanCarlosChapelBevel01.jpg
2004.09.14 13:12 B C:\Documents and Settings\rmendoza\Desktop\Images\sbsc320sCoverArt.jpg --> archaeology.csumb.edu /Courses/HispanicCalifornia/Images sbsc320sCoverArt.jpg
2004.09.14 13:12 B C:\Documents and Settings\rmendoza\Desktop\Images\sbsc320sCoverArtMn.jpg --> archaeology.csumb.edu /Courses/HispanicCalifornia/Images sbsc320sCoverArtMn.jpg
2004.09.14 13:12 B C:\Documents and Settings\rmendoza\Desktop\Images\VirtualCompass.gif --> archaeology.csumb.edu /Courses/HispanicCalifornia/Images VirtualCompass.gif
