2004.08.27 07:04 B C:\Documents and Settings\rmendoza\Desktop\sbsc360sSp2002\DocumentFiles\ArchGuidelines\Archaeology Database Entries.doc --> archaeology.csumb.edu /Courses/sbsc360sSp2002/DocumentFiles/ArchGuidelines Archaeology Database Entries.doc
2004.08.27 07:04 B C:\Documents and Settings\rmendoza\Desktop\sbsc360sSp2002\DocumentFiles\ArchGuidelines\Case study-Arch guidelines.doc --> archaeology.csumb.edu /Courses/sbsc360sSp2002/DocumentFiles/ArchGuidelines Case study-Arch guidelines.doc
2004.08.27 07:04 B C:\Documents and Settings\rmendoza\Desktop\sbsc360sSp2002\DocumentFiles\ArchGuidelines\FinalPortfolioGuidelines.txt --> archaeology.csumb.edu /Courses/sbsc360sSp2002/DocumentFiles/ArchGuidelines FinalPortfolioGuidelines.txt
2004.08.27 07:04 B C:\Documents and Settings\rmendoza\Desktop\sbsc360sSp2002\DocumentFiles\ArchGuidelines\sbs360sSpecimenTypes.doc --> archaeology.csumb.edu /Courses/sbsc360sSp2002/DocumentFiles/ArchGuidelines sbs360sSpecimenTypes.doc
2004.08.27 07:05 B C:\Documents and Settings\rmendoza\Desktop\sbsc360sSp2002\DocumentFiles\ArchGuidelines\sbsc360sFieldJournalRating.doc --> archaeology.csumb.edu /Courses/sbsc360sSp2002/DocumentFiles/ArchGuidelines sbsc360sFieldJournalRating.doc
2004.08.27 07:05 B C:\Documents and Settings\rmendoza\Desktop\sbsc360sSp2002\DocumentFiles\ArchGuidelines\SpecimensTags.doc --> archaeology.csumb.edu /Courses/sbsc360sSp2002/DocumentFiles/ArchGuidelines SpecimensTags.doc
2004.08.27 07:05 B C:\Documents and Settings\rmendoza\Desktop\sbsc360sSp2002\DocumentFiles\ArchGuidelines\SpecimenTypes.doc --> archaeology.csumb.edu /Courses/sbsc360sSp2002/DocumentFiles/ArchGuidelines SpecimenTypes.doc
2004.08.27 07:05 B C:\Documents and Settings\rmendoza\Desktop\sbsc360sSp2002\DocumentFiles\ArchGuidelines\Stone Tools Database Categories.doc --> archaeology.csumb.edu /Courses/sbsc360sSp2002/DocumentFiles/ArchGuidelines Stone Tools Database Categories.doc
2004.08.27 07:05 B C:\Documents and Settings\rmendoza\Desktop\sbsc360sSp2002\DocumentFiles\ArchGuidelines\TermPaperFormat.doc --> archaeology.csumb.edu /Courses/sbsc360sSp2002/DocumentFiles/ArchGuidelines TermPaperFormat.doc
2004.09.03 07:02 B C:\Documents and Settings\rmendoza\Desktop\sbsc360sSp2002\DocumentFiles\ArchGuidelines\Archaeology Database Entries.doc <-- Ipswitch /Courses/sbsc360sSp2002/DocumentFiles/ArchGuidelines Archaeology Database Entries.doc
2004.09.03 07:02 B C:\Documents and Settings\rmendoza\Desktop\sbsc360sSp2002\DocumentFiles\ArchGuidelines\Case study-Arch guidelines.doc <-- Ipswitch /Courses/sbsc360sSp2002/DocumentFiles/ArchGuidelines Case study-Arch guidelines.doc
2004.09.03 07:02 B C:\Documents and Settings\rmendoza\Desktop\sbsc360sSp2002\DocumentFiles\ArchGuidelines\FinalPortfolioGuidelines.txt <-- Ipswitch /Courses/sbsc360sSp2002/DocumentFiles/ArchGuidelines FinalPortfolioGuidelines.txt
2004.09.03 07:02 B C:\Documents and Settings\rmendoza\Desktop\sbsc360sSp2002\DocumentFiles\ArchGuidelines\sbs360sSpecimenTypes.doc <-- Ipswitch /Courses/sbsc360sSp2002/DocumentFiles/ArchGuidelines sbs360sSpecimenTypes.doc
2004.09.03 07:02 B C:\Documents and Settings\rmendoza\Desktop\sbsc360sSp2002\DocumentFiles\ArchGuidelines\sbsc360sFieldJournalRating.doc <-- Ipswitch /Courses/sbsc360sSp2002/DocumentFiles/ArchGuidelines sbsc360sFieldJournalRating.doc
2004.09.03 07:02 B C:\Documents and Settings\rmendoza\Desktop\sbsc360sSp2002\DocumentFiles\ArchGuidelines\SpecimensTags.doc <-- Ipswitch /Courses/sbsc360sSp2002/DocumentFiles/ArchGuidelines SpecimensTags.doc
2004.09.03 07:02 B C:\Documents and Settings\rmendoza\Desktop\sbsc360sSp2002\DocumentFiles\ArchGuidelines\SpecimenTypes.doc <-- Ipswitch /Courses/sbsc360sSp2002/DocumentFiles/ArchGuidelines SpecimenTypes.doc
2004.09.03 07:02 B C:\Documents and Settings\rmendoza\Desktop\sbsc360sSp2002\DocumentFiles\ArchGuidelines\Stone Tools Database Categories.doc <-- Ipswitch /Courses/sbsc360sSp2002/DocumentFiles/ArchGuidelines Stone Tools Database Categories.doc
2004.09.03 07:02 B C:\Documents and Settings\rmendoza\Desktop\sbsc360sSp2002\DocumentFiles\ArchGuidelines\TermPaperFormat.doc <-- Ipswitch /Courses/sbsc360sSp2002/DocumentFiles/ArchGuidelines TermPaperFormat.doc
2004.09.14 09:40 B C:\Documents and Settings\rmendoza\Desktop\HispanicCalifornia\DocumentFiles\ArchGuidelines\Archaeology Database Entries.doc --> archaeology.csumb.edu /Courses/HispanicCalifornia/DocumentFiles/ArchGuidelines Archaeology Database Entries.doc
2004.09.14 09:40 B C:\Documents and Settings\rmendoza\Desktop\HispanicCalifornia\DocumentFiles\ArchGuidelines\Case study-Arch guidelines.doc --> archaeology.csumb.edu /Courses/HispanicCalifornia/DocumentFiles/ArchGuidelines Case study-Arch guidelines.doc
2004.09.14 09:40 B C:\Documents and Settings\rmendoza\Desktop\HispanicCalifornia\DocumentFiles\ArchGuidelines\FinalPortfolioGuidelines.txt --> archaeology.csumb.edu /Courses/HispanicCalifornia/DocumentFiles/ArchGuidelines FinalPortfolioGuidelines.txt
2004.09.14 09:40 B C:\Documents and Settings\rmendoza\Desktop\HispanicCalifornia\DocumentFiles\ArchGuidelines\sbs360sSpecimenTypes.doc --> archaeology.csumb.edu /Courses/HispanicCalifornia/DocumentFiles/ArchGuidelines sbs360sSpecimenTypes.doc
2004.09.14 09:40 B C:\Documents and Settings\rmendoza\Desktop\HispanicCalifornia\DocumentFiles\ArchGuidelines\sbsc360sFieldJournalRating.doc --> archaeology.csumb.edu /Courses/HispanicCalifornia/DocumentFiles/ArchGuidelines sbsc360sFieldJournalRating.doc
2004.09.14 09:41 B C:\Documents and Settings\rmendoza\Desktop\HispanicCalifornia\DocumentFiles\ArchGuidelines\SpecimensTags.doc --> archaeology.csumb.edu /Courses/HispanicCalifornia/DocumentFiles/ArchGuidelines SpecimensTags.doc
2004.09.14 09:41 B C:\Documents and Settings\rmendoza\Desktop\HispanicCalifornia\DocumentFiles\ArchGuidelines\SpecimenTypes.doc --> archaeology.csumb.edu /Courses/HispanicCalifornia/DocumentFiles/ArchGuidelines SpecimenTypes.doc
2004.09.14 09:41 B C:\Documents and Settings\rmendoza\Desktop\HispanicCalifornia\DocumentFiles\ArchGuidelines\Stone Tools Database Categories.doc --> archaeology.csumb.edu /Courses/HispanicCalifornia/DocumentFiles/ArchGuidelines Stone Tools Database Categories.doc
2004.09.14 09:41 B C:\Documents and Settings\rmendoza\Desktop\HispanicCalifornia\DocumentFiles\ArchGuidelines\TermPaperFormat.doc --> archaeology.csumb.edu /Courses/HispanicCalifornia/DocumentFiles/ArchGuidelines TermPaperFormat.doc
