2005.05.09 17:39 B C:\Documents and Settings\rmendoza\Desktop\SacredMysteries\Main_files\ceramica.css --> archaeology.csumb.edu C:/sambar61/docs/SacredMysteries/Main_files ceramica.css
2005.05.09 17:39 B C:\Documents and Settings\rmendoza\Desktop\SacredMysteries\Main_files\divider.gif --> archaeology.csumb.edu C:/sambar61/docs/SacredMysteries/Main_files divider.gif
2005.05.09 17:39 B C:\Documents and Settings\rmendoza\Desktop\SacredMysteries\Main_files\h-whatismayolica.gif --> archaeology.csumb.edu C:/sambar61/docs/SacredMysteries/Main_files h-whatismayolica.gif
2005.05.09 17:39 B C:\Documents and Settings\rmendoza\Desktop\SacredMysteries\Main_files\in-contemporary-off.gif --> archaeology.csumb.edu C:/sambar61/docs/SacredMysteries/Main_files in-contemporary-off.gif
2005.05.09 17:39 B C:\Documents and Settings\rmendoza\Desktop\SacredMysteries\Main_files\in-dailylife-off.gif --> archaeology.csumb.edu C:/sambar61/docs/SacredMysteries/Main_files in-dailylife-off.gif
2005.05.09 17:39 B C:\Documents and Settings\rmendoza\Desktop\SacredMysteries\Main_files\in-home-off.gif --> archaeology.csumb.edu C:/sambar61/docs/SacredMysteries/Main_files in-home-off.gif
2005.05.09 17:39 B C:\Documents and Settings\rmendoza\Desktop\SacredMysteries\Main_files\in-origins-on.gif --> archaeology.csumb.edu C:/sambar61/docs/SacredMysteries/Main_files in-origins-on.gif
2005.05.09 17:39 B C:\Documents and Settings\rmendoza\Desktop\SacredMysteries\Main_files\in-styles-off.gif --> archaeology.csumb.edu C:/sambar61/docs/SacredMysteries/Main_files in-styles-off.gif
2005.05.09 17:39 B C:\Documents and Settings\rmendoza\Desktop\SacredMysteries\Main_files\in-trade-off.gif --> archaeology.csumb.edu C:/sambar61/docs/SacredMysteries/Main_files in-trade-off.gif
2005.05.09 17:39 B C:\Documents and Settings\rmendoza\Desktop\SacredMysteries\Main_files\in-traditional-off.gif --> archaeology.csumb.edu C:/sambar61/docs/SacredMysteries/Main_files in-traditional-off.gif
2005.05.09 17:39 B C:\Documents and Settings\rmendoza\Desktop\SacredMysteries\Main_files\jug.jpg --> archaeology.csumb.edu C:/sambar61/docs/SacredMysteries/Main_files jug.jpg
2005.05.09 17:39 B C:\Documents and Settings\rmendoza\Desktop\SacredMysteries\Main_files\lftcolumnbg.gif --> archaeology.csumb.edu C:/sambar61/docs/SacredMysteries/Main_files lftcolumnbg.gif
2005.05.09 17:39 B C:\Documents and Settings\rmendoza\Desktop\SacredMysteries\Main_files\longintspace.gif --> archaeology.csumb.edu C:/sambar61/docs/SacredMysteries/Main_files longintspace.gif
2005.05.09 17:39 B C:\Documents and Settings\rmendoza\Desktop\SacredMysteries\Main_files\MexicanFolkCatholicismSubtext.jpg --> archaeology.csumb.edu C:/sambar61/docs/SacredMysteries/Main_files MexicanFolkCatholicismSubtext.jpg
2005.05.09 17:39 B C:\Documents and Settings\rmendoza\Desktop\SacredMysteries\Main_files\MexicanFolkCatholicismSubtext.psd --> archaeology.csumb.edu C:/sambar61/docs/SacredMysteries/Main_files MexicanFolkCatholicismSubtext.psd
2005.05.09 17:39 B C:\Documents and Settings\rmendoza\Desktop\SacredMysteries\Main_files\n-biblio-off.gif --> archaeology.csumb.edu C:/sambar61/docs/SacredMysteries/Main_files n-biblio-off.gif
2005.05.09 17:39 B C:\Documents and Settings\rmendoza\Desktop\SacredMysteries\Main_files\n-credits-off.gif --> archaeology.csumb.edu C:/sambar61/docs/SacredMysteries/Main_files n-credits-off.gif
2005.05.09 17:39 B C:\Documents and Settings\rmendoza\Desktop\SacredMysteries\Main_files\n-edu-off.gif --> archaeology.csumb.edu C:/sambar61/docs/SacredMysteries/Main_files n-edu-off.gif
2005.05.09 17:39 B C:\Documents and Settings\rmendoza\Desktop\SacredMysteries\Main_files\rtcolumnbg.gif --> archaeology.csumb.edu C:/sambar61/docs/SacredMysteries/Main_files rtcolumnbg.gif
2005.05.09 17:39 B C:\Documents and Settings\rmendoza\Desktop\SacredMysteries\Main_files\SacredMysteriesMn2.jpg --> archaeology.csumb.edu C:/sambar61/docs/SacredMysteries/Main_files SacredMysteriesMn2.jpg
2005.05.09 17:39 B C:\Documents and Settings\rmendoza\Desktop\SacredMysteries\Main_files\SacredMysteriesMn2.psd --> archaeology.csumb.edu C:/sambar61/docs/SacredMysteries/Main_files SacredMysteriesMn2.psd
2005.05.09 17:39 B C:\Documents and Settings\rmendoza\Desktop\SacredMysteries\Main_files\sn-imagegallery.gif --> archaeology.csumb.edu C:/sambar61/docs/SacredMysteries/Main_files sn-imagegallery.gif
2005.05.09 17:39 B C:\Documents and Settings\rmendoza\Desktop\SacredMysteries\Main_files\sn-originsmex.gif --> archaeology.csumb.edu C:/sambar61/docs/SacredMysteries/Main_files sn-originsmex.gif
2005.05.09 17:39 B C:\Documents and Settings\rmendoza\Desktop\SacredMysteries\Main_files\sn-originsspan.gif --> archaeology.csumb.edu C:/sambar61/docs/SacredMysteries/Main_files sn-originsspan.gif
2005.05.09 17:39 B C:\Documents and Settings\rmendoza\Desktop\SacredMysteries\Main_files\spacer.gif --> archaeology.csumb.edu C:/sambar61/docs/SacredMysteries/Main_files spacer.gif
2005.05.09 17:39 B C:\Documents and Settings\rmendoza\Desktop\SacredMysteries\Main_files\t-h-origins.gif --> archaeology.csumb.edu C:/sambar61/docs/SacredMysteries/Main_files t-h-origins.gif
2005.05.09 17:39 B C:\Documents and Settings\rmendoza\Desktop\SacredMysteries\Main_files\taglineplain.gif --> archaeology.csumb.edu C:/sambar61/docs/SacredMysteries/Main_files taglineplain.gif
2005.05.09 17:39 B C:\Documents and Settings\rmendoza\Desktop\SacredMysteries\Main_files\tan.gif --> archaeology.csumb.edu C:/sambar61/docs/SacredMysteries/Main_files tan.gif
2005.05.09 17:39 B C:\Documents and Settings\rmendoza\Desktop\SacredMysteries\Main_files\titleb.gif --> archaeology.csumb.edu C:/sambar61/docs/SacredMysteries/Main_files titleb.gif
2005.05.11 13:36 B C:\Documents and Settings\rmendoza\Desktop\SacredMysteries\Main_files\WS_FTP.LOG --> archaeology.csumb.edu C:/sambar61/docs/SacredMysteries/Main_files WS_FTP.LOG
