2005.05.09 17:39 B C:\Documents and Settings\rmendoza\Desktop\SacredMysteries\Titles\Bibliography.psd --> archaeology.csumb.edu C:/sambar61/docs/SacredMysteries/Titles Bibliography.psd
2005.05.09 17:39 B C:\Documents and Settings\rmendoza\Desktop\SacredMysteries\Titles\Credits.psd --> archaeology.csumb.edu C:/sambar61/docs/SacredMysteries/Titles Credits.psd
2005.05.09 17:39 B C:\Documents and Settings\rmendoza\Desktop\SacredMysteries\Titles\FeastDays.psd --> archaeology.csumb.edu C:/sambar61/docs/SacredMysteries/Titles FeastDays.psd
2005.05.09 17:39 B C:\Documents and Settings\rmendoza\Desktop\SacredMysteries\Titles\FieldNotes.psd --> archaeology.csumb.edu C:/sambar61/docs/SacredMysteries/Titles FieldNotes.psd
2005.05.09 17:39 B C:\Documents and Settings\rmendoza\Desktop\SacredMysteries\Titles\Glossary.psd --> archaeology.csumb.edu C:/sambar61/docs/SacredMysteries/Titles Glossary.psd
2005.05.09 17:39 B C:\Documents and Settings\rmendoza\Desktop\SacredMysteries\Titles\Images.psd --> archaeology.csumb.edu C:/sambar61/docs/SacredMysteries/Titles Images.psd
2005.05.09 17:39 B C:\Documents and Settings\rmendoza\Desktop\SacredMysteries\Titles\Introduction.psd --> archaeology.csumb.edu C:/sambar61/docs/SacredMysteries/Titles Introduction.psd
2005.05.09 17:39 B C:\Documents and Settings\rmendoza\Desktop\SacredMysteries\Titles\IntroductionSubtitle.jpg --> archaeology.csumb.edu C:/sambar61/docs/SacredMysteries/Titles IntroductionSubtitle.jpg
2005.05.09 17:39 B C:\Documents and Settings\rmendoza\Desktop\SacredMysteries\Titles\IntroductionSubtitle.psd --> archaeology.csumb.edu C:/sambar61/docs/SacredMysteries/Titles IntroductionSubtitle.psd
2005.05.09 17:39 B C:\Documents and Settings\rmendoza\Desktop\SacredMysteries\Titles\IntroductionSubtitleMn.jpg --> archaeology.csumb.edu C:/sambar61/docs/SacredMysteries/Titles IntroductionSubtitleMn.jpg
2005.05.09 17:39 B C:\Documents and Settings\rmendoza\Desktop\SacredMysteries\Titles\IntroductionSubtitleMn.psd --> archaeology.csumb.edu C:/sambar61/docs/SacredMysteries/Titles IntroductionSubtitleMn.psd
2005.05.09 17:39 B C:\Documents and Settings\rmendoza\Desktop\SacredMysteries\Titles\MaterialCulture.psd --> archaeology.csumb.edu C:/sambar61/docs/SacredMysteries/Titles MaterialCulture.psd
2005.05.09 17:39 B C:\Documents and Settings\rmendoza\Desktop\SacredMysteries\Titles\MexicanFolkCatholicismSubtext.jpg --> archaeology.csumb.edu C:/sambar61/docs/SacredMysteries/Titles MexicanFolkCatholicismSubtext.jpg
2005.05.09 17:39 B C:\Documents and Settings\rmendoza\Desktop\SacredMysteries\Titles\MexicanFolkCatholicismSubtext.psd --> archaeology.csumb.edu C:/sambar61/docs/SacredMysteries/Titles MexicanFolkCatholicismSubtext.psd
2005.05.09 17:39 B C:\Documents and Settings\rmendoza\Desktop\SacredMysteries\Titles\Resources.psd --> archaeology.csumb.edu C:/sambar61/docs/SacredMysteries/Titles Resources.psd
2005.05.09 17:39 B C:\Documents and Settings\rmendoza\Desktop\SacredMysteries\Titles\SacredMysteriesMN.jpg --> archaeology.csumb.edu C:/sambar61/docs/SacredMysteries/Titles SacredMysteriesMN.jpg
2005.05.09 17:39 B C:\Documents and Settings\rmendoza\Desktop\SacredMysteries\Titles\SacredMysteriesMN.psd --> archaeology.csumb.edu C:/sambar61/docs/SacredMysteries/Titles SacredMysteriesMN.psd
2005.05.09 17:39 B C:\Documents and Settings\rmendoza\Desktop\SacredMysteries\Titles\SacredMysteriesMn2 copy.jpg --> archaeology.csumb.edu C:/sambar61/docs/SacredMysteries/Titles SacredMysteriesMn2 copy.jpg
2005.05.09 17:39 B C:\Documents and Settings\rmendoza\Desktop\SacredMysteries\Titles\SacredMysteriesMn2.psd --> archaeology.csumb.edu C:/sambar61/docs/SacredMysteries/Titles SacredMysteriesMn2.psd
2005.05.09 17:39 B C:\Documents and Settings\rmendoza\Desktop\SacredMysteries\Titles\SacredMysteriesRed.jpg --> archaeology.csumb.edu C:/sambar61/docs/SacredMysteries/Titles SacredMysteriesRed.jpg
2005.05.09 17:39 B C:\Documents and Settings\rmendoza\Desktop\SacredMysteries\Titles\SacredMysteriesRed.psd --> archaeology.csumb.edu C:/sambar61/docs/SacredMysteries/Titles SacredMysteriesRed.psd
2005.05.09 17:39 B C:\Documents and Settings\rmendoza\Desktop\SacredMysteries\Titles\SacredSpaces.psd --> archaeology.csumb.edu C:/sambar61/docs/SacredMysteries/Titles SacredSpaces.psd
2005.05.09 17:39 B C:\Documents and Settings\rmendoza\Desktop\SacredMysteries\Titles\Symbology.psd --> archaeology.csumb.edu C:/sambar61/docs/SacredMysteries/Titles Symbology.psd
2005.05.09 17:39 B C:\Documents and Settings\rmendoza\Desktop\SacredMysteries\Titles\Syncretism.jpg --> archaeology.csumb.edu C:/sambar61/docs/SacredMysteries/Titles Syncretism.jpg
2005.05.09 17:39 B C:\Documents and Settings\rmendoza\Desktop\SacredMysteries\Titles\Syncretism.psd --> archaeology.csumb.edu C:/sambar61/docs/SacredMysteries/Titles Syncretism.psd
2005.05.11 13:36 B C:\Documents and Settings\rmendoza\Desktop\SacredMysteries\Titles\BibliographyBrn.jpg --> archaeology.csumb.edu C:/sambar61/docs/SacredMysteries/Titles BibliographyBrn.jpg
2005.05.11 13:36 B C:\Documents and Settings\rmendoza\Desktop\SacredMysteries\Titles\CreditsBrn.jpg --> archaeology.csumb.edu C:/sambar61/docs/SacredMysteries/Titles CreditsBrn.jpg
2005.05.11 13:36 B C:\Documents and Settings\rmendoza\Desktop\SacredMysteries\Titles\FeastDaysBrn.jpg --> archaeology.csumb.edu C:/sambar61/docs/SacredMysteries/Titles FeastDaysBrn.jpg
2005.05.11 13:36 B C:\Documents and Settings\rmendoza\Desktop\SacredMysteries\Titles\GlossaryBrn.jpg --> archaeology.csumb.edu C:/sambar61/docs/SacredMysteries/Titles GlossaryBrn.jpg
2005.05.11 13:36 B C:\Documents and Settings\rmendoza\Desktop\SacredMysteries\Titles\GlossaryYW.psd --> archaeology.csumb.edu C:/sambar61/docs/SacredMysteries/Titles GlossaryYW.psd
2005.05.11 13:36 B C:\Documents and Settings\rmendoza\Desktop\SacredMysteries\Titles\ImagesBrn.jpg --> archaeology.csumb.edu C:/sambar61/docs/SacredMysteries/Titles ImagesBrn.jpg
2005.05.11 13:36 B C:\Documents and Settings\rmendoza\Desktop\SacredMysteries\Titles\IntroductionBrn.jpg --> archaeology.csumb.edu C:/sambar61/docs/SacredMysteries/Titles IntroductionBrn.jpg
2005.05.11 13:36 B C:\Documents and Settings\rmendoza\Desktop\SacredMysteries\Titles\MaterialCultureBrn.jpg --> archaeology.csumb.edu C:/sambar61/docs/SacredMysteries/Titles MaterialCultureBrn.jpg
2005.05.11 13:36 B C:\Documents and Settings\rmendoza\Desktop\SacredMysteries\Titles\ResourcesBrn.jpg --> archaeology.csumb.edu C:/sambar61/docs/SacredMysteries/Titles ResourcesBrn.jpg
2005.05.11 13:36 B C:\Documents and Settings\rmendoza\Desktop\SacredMysteries\Titles\SacredSpacesBrn.jpg --> archaeology.csumb.edu C:/sambar61/docs/SacredMysteries/Titles SacredSpacesBrn.jpg
2005.05.11 13:36 B C:\Documents and Settings\rmendoza\Desktop\SacredMysteries\Titles\SymbologyBrn.jpg --> archaeology.csumb.edu C:/sambar61/docs/SacredMysteries/Titles SymbologyBrn.jpg
2005.05.11 13:36 B C:\Documents and Settings\rmendoza\Desktop\SacredMysteries\Titles\WS_FTP.LOG --> archaeology.csumb.edu C:/sambar61/docs/SacredMysteries/Titles WS_FTP.LOG
2005.05.11 17:50 B C:\Documents and Settings\rmendoza\Desktop\SacredMysteries\Titles\DivineRepresentationsSubtitleMn.jpg --> archaeology.csumb.edu C:/sambar61/docs/SacredMysteries/Titles DivineRepresentationsSubtitleMn.jpg
2005.05.11 17:50 B C:\Documents and Settings\rmendoza\Desktop\SacredMysteries\Titles\ExploringSacredSpacesSubtitleMn.jpg --> archaeology.csumb.edu C:/sambar61/docs/SacredMysteries/Titles ExploringSacredSpacesSubtitleMn.jpg
2005.05.11 17:50 B C:\Documents and Settings\rmendoza\Desktop\SacredMysteries\Titles\InterpretingMatlChristianitySubtitleMn.jpg --> archaeology.csumb.edu C:/sambar61/docs/SacredMysteries/Titles InterpretingMatlChristianitySubtitleMn.jpg
2005.05.11 17:50 B C:\Documents and Settings\rmendoza\Desktop\SacredMysteries\Titles\InterpretingMatlCultureSubtitleMn.jpg --> archaeology.csumb.edu C:/sambar61/docs/SacredMysteries/Titles InterpretingMatlCultureSubtitleMn.jpg
2005.05.11 17:50 B C:\Documents and Settings\rmendoza\Desktop\SacredMysteries\Titles\RitualCycleSubtitleMn.jpg --> archaeology.csumb.edu C:/sambar61/docs/SacredMysteries/Titles RitualCycleSubtitleMn.jpg
2005.05.11 17:50 B C:\Documents and Settings\rmendoza\Desktop\SacredMysteries\Titles\VisualizingSacredSubtitleMn.jpg --> archaeology.csumb.edu C:/sambar61/docs/SacredMysteries/Titles VisualizingSacredSubtitleMn.jpg
