2005.09.01 15:22 B C:\Documents and Settings\rmendoza\Desktop\MesoChronology_files\buttons.gif <-- astv /Courses/Aztec/Notes/MesoChronology/MesoChronology_files buttons.gif
2005.09.01 15:22 B C:\Documents and Settings\rmendoza\Desktop\MesoChronology_files\error.htm <-- astv /Courses/Aztec/Notes/MesoChronology/MesoChronology_files error.htm
2005.09.01 15:22 B C:\Documents and Settings\rmendoza\Desktop\MesoChronology_files\filelist.xml <-- astv /Courses/Aztec/Notes/MesoChronology/MesoChronology_files filelist.xml
2005.09.01 15:22 B C:\Documents and Settings\rmendoza\Desktop\MesoChronology_files\frame.htm <-- astv /Courses/Aztec/Notes/MesoChronology/MesoChronology_files frame.htm
2005.09.01 15:22 B C:\Documents and Settings\rmendoza\Desktop\MesoChronology_files\fullscreen.htm <-- astv /Courses/Aztec/Notes/MesoChronology/MesoChronology_files fullscreen.htm
2005.09.01 15:22 B C:\Documents and Settings\rmendoza\Desktop\MesoChronology_files\image024.gif <-- astv /Courses/Aztec/Notes/MesoChronology/MesoChronology_files image024.gif
2005.09.01 15:22 B C:\Documents and Settings\rmendoza\Desktop\MesoChronology_files\master01.htm <-- astv /Courses/Aztec/Notes/MesoChronology/MesoChronology_files master01.htm
2005.09.01 15:22 B C:\Documents and Settings\rmendoza\Desktop\MesoChronology_files\master02.htm <-- astv /Courses/Aztec/Notes/MesoChronology/MesoChronology_files master02.htm
2005.09.01 15:22 B C:\Documents and Settings\rmendoza\Desktop\MesoChronology_files\master05.htm <-- astv /Courses/Aztec/Notes/MesoChronology/MesoChronology_files master05.htm
2005.09.01 15:22 B C:\Documents and Settings\rmendoza\Desktop\MesoChronology_files\master05.xml <-- astv /Courses/Aztec/Notes/MesoChronology/MesoChronology_files master05.xml
2005.09.01 15:22 B C:\Documents and Settings\rmendoza\Desktop\MesoChronology_files\master05_image001.png <-- astv /Courses/Aztec/Notes/MesoChronology/MesoChronology_files master05_image001.png
2005.09.01 15:22 B C:\Documents and Settings\rmendoza\Desktop\MesoChronology_files\master05_image022.gif <-- astv /Courses/Aztec/Notes/MesoChronology/MesoChronology_files master05_image022.gif
2005.09.01 15:22 B C:\Documents and Settings\rmendoza\Desktop\MesoChronology_files\master05_stylesheet.css <-- astv /Courses/Aztec/Notes/MesoChronology/MesoChronology_files master05_stylesheet.css
2005.09.01 15:22 B C:\Documents and Settings\rmendoza\Desktop\MesoChronology_files\master06.htm <-- astv /Courses/Aztec/Notes/MesoChronology/MesoChronology_files master06.htm
2005.09.01 15:22 B C:\Documents and Settings\rmendoza\Desktop\MesoChronology_files\master06.xml <-- astv /Courses/Aztec/Notes/MesoChronology/MesoChronology_files master06.xml
2005.09.01 15:22 B C:\Documents and Settings\rmendoza\Desktop\MesoChronology_files\master06_image021.gif <-- astv /Courses/Aztec/Notes/MesoChronology/MesoChronology_files master06_image021.gif
2005.09.01 15:22 B C:\Documents and Settings\rmendoza\Desktop\MesoChronology_files\outline.htm <-- astv /Courses/Aztec/Notes/MesoChronology/MesoChronology_files outline.htm
2005.09.01 15:22 B C:\Documents and Settings\rmendoza\Desktop\MesoChronology_files\pres.xml <-- astv /Courses/Aztec/Notes/MesoChronology/MesoChronology_files pres.xml
2005.09.01 15:22 B C:\Documents and Settings\rmendoza\Desktop\MesoChronology_files\preview.wmf <-- astv /Courses/Aztec/Notes/MesoChronology/MesoChronology_files preview.wmf
2005.09.01 15:22 B C:\Documents and Settings\rmendoza\Desktop\MesoChronology_files\script.js <-- astv /Courses/Aztec/Notes/MesoChronology/MesoChronology_files script.js
2005.09.01 15:22 B C:\Documents and Settings\rmendoza\Desktop\MesoChronology_files\slide0001.htm <-- astv /Courses/Aztec/Notes/MesoChronology/MesoChronology_files slide0001.htm
2005.09.01 15:22 B C:\Documents and Settings\rmendoza\Desktop\MesoChronology_files\slide0012.htm <-- astv /Courses/Aztec/Notes/MesoChronology/MesoChronology_files slide0012.htm
2005.09.01 15:22 B C:\Documents and Settings\rmendoza\Desktop\MesoChronology_files\slide0013.htm <-- astv /Courses/Aztec/Notes/MesoChronology/MesoChronology_files slide0013.htm
2005.09.01 15:22 B C:\Documents and Settings\rmendoza\Desktop\MesoChronology_files\slide0013_image023.gif <-- astv /Courses/Aztec/Notes/MesoChronology/MesoChronology_files slide0013_image023.gif
2005.09.01 15:22 B C:\Documents and Settings\rmendoza\Desktop\MesoChronology_files\slide0014.htm <-- astv /Courses/Aztec/Notes/MesoChronology/MesoChronology_files slide0014.htm
2005.09.01 15:22 B C:\Documents and Settings\rmendoza\Desktop\MesoChronology_files\slide0015.htm <-- astv /Courses/Aztec/Notes/MesoChronology/MesoChronology_files slide0015.htm
2005.09.01 15:22 B C:\Documents and Settings\rmendoza\Desktop\MesoChronology_files\slide0016.htm <-- astv /Courses/Aztec/Notes/MesoChronology/MesoChronology_files slide0016.htm
2005.09.01 15:22 B C:\Documents and Settings\rmendoza\Desktop\MesoChronology_files\slide0017.htm <-- astv /Courses/Aztec/Notes/MesoChronology/MesoChronology_files slide0017.htm
2005.09.01 15:22 B C:\Documents and Settings\rmendoza\Desktop\MesoChronology_files\slide0018.htm <-- astv /Courses/Aztec/Notes/MesoChronology/MesoChronology_files slide0018.htm
2005.09.01 15:22 B C:\Documents and Settings\rmendoza\Desktop\MesoChronology_files\v3_blank_notes.htm <-- astv /Courses/Aztec/Notes/MesoChronology/MesoChronology_files v3_blank_notes.htm
2005.09.01 15:22 B C:\Documents and Settings\rmendoza\Desktop\MesoChronology_files\v3_document.htm <-- astv /Courses/Aztec/Notes/MesoChronology/MesoChronology_files v3_document.htm
2005.09.01 15:22 B C:\Documents and Settings\rmendoza\Desktop\MesoChronology_files\v3_endshow.htm <-- astv /Courses/Aztec/Notes/MesoChronology/MesoChronology_files v3_endshow.htm
2005.09.01 15:22 B C:\Documents and Settings\rmendoza\Desktop\MesoChronology_files\v3_master05_background.jpg <-- astv /Courses/Aztec/Notes/MesoChronology/MesoChronology_files v3_master05_background.jpg
2005.09.01 15:22 B C:\Documents and Settings\rmendoza\Desktop\MesoChronology_files\v3_master05_image004.gif <-- astv /Courses/Aztec/Notes/MesoChronology/MesoChronology_files v3_master05_image004.gif
2005.09.01 15:22 B C:\Documents and Settings\rmendoza\Desktop\MesoChronology_files\v3_master05_image005.gif <-- astv /Courses/Aztec/Notes/MesoChronology/MesoChronology_files v3_master05_image005.gif
2005.09.01 15:22 B C:\Documents and Settings\rmendoza\Desktop\MesoChronology_files\v3_master05_image006.gif <-- astv /Courses/Aztec/Notes/MesoChronology/MesoChronology_files v3_master05_image006.gif
2005.09.01 15:22 B C:\Documents and Settings\rmendoza\Desktop\MesoChronology_files\v3_master05_image007.gif <-- astv /Courses/Aztec/Notes/MesoChronology/MesoChronology_files v3_master05_image007.gif
2005.09.01 15:22 B C:\Documents and Settings\rmendoza\Desktop\MesoChronology_files\v3_master05_image011.gif <-- astv /Courses/Aztec/Notes/MesoChronology/MesoChronology_files v3_master05_image011.gif
2005.09.01 15:22 B C:\Documents and Settings\rmendoza\Desktop\MesoChronology_files\v3_master05_image012.gif <-- astv /Courses/Aztec/Notes/MesoChronology/MesoChronology_files v3_master05_image012.gif
2005.09.01 15:22 B C:\Documents and Settings\rmendoza\Desktop\MesoChronology_files\v3_master05_image013.gif <-- astv /Courses/Aztec/Notes/MesoChronology/MesoChronology_files v3_master05_image013.gif
2005.09.01 15:22 B C:\Documents and Settings\rmendoza\Desktop\MesoChronology_files\v3_master05_image014.gif <-- astv /Courses/Aztec/Notes/MesoChronology/MesoChronology_files v3_master05_image014.gif
2005.09.01 15:22 B C:\Documents and Settings\rmendoza\Desktop\MesoChronology_files\v3_master05_image015.gif <-- astv /Courses/Aztec/Notes/MesoChronology/MesoChronology_files v3_master05_image015.gif
2005.09.01 15:22 B C:\Documents and Settings\rmendoza\Desktop\MesoChronology_files\v3_master05_image016.gif <-- astv /Courses/Aztec/Notes/MesoChronology/MesoChronology_files v3_master05_image016.gif
2005.09.01 15:22 B C:\Documents and Settings\rmendoza\Desktop\MesoChronology_files\v3_master05_image017.gif <-- astv /Courses/Aztec/Notes/MesoChronology/MesoChronology_files v3_master05_image017.gif
2005.09.01 15:22 B C:\Documents and Settings\rmendoza\Desktop\MesoChronology_files\v3_master05_image018.gif <-- astv /Courses/Aztec/Notes/MesoChronology/MesoChronology_files v3_master05_image018.gif
2005.09.01 15:22 B C:\Documents and Settings\rmendoza\Desktop\MesoChronology_files\v3_master05_image019.gif <-- astv /Courses/Aztec/Notes/MesoChronology/MesoChronology_files v3_master05_image019.gif
2005.09.01 15:22 B C:\Documents and Settings\rmendoza\Desktop\MesoChronology_files\v3_master05_image020.gif <-- astv /Courses/Aztec/Notes/MesoChronology/MesoChronology_files v3_master05_image020.gif
2005.09.01 15:22 B C:\Documents and Settings\rmendoza\Desktop\MesoChronology_files\v3_master06_background.jpg <-- astv /Courses/Aztec/Notes/MesoChronology/MesoChronology_files v3_master06_background.jpg
2005.09.01 15:22 B C:\Documents and Settings\rmendoza\Desktop\MesoChronology_files\v3_master06_image002.gif <-- astv /Courses/Aztec/Notes/MesoChronology/MesoChronology_files v3_master06_image002.gif
2005.09.01 15:22 B C:\Documents and Settings\rmendoza\Desktop\MesoChronology_files\v3_master06_image003.gif <-- astv /Courses/Aztec/Notes/MesoChronology/MesoChronology_files v3_master06_image003.gif
2005.09.01 15:22 B C:\Documents and Settings\rmendoza\Desktop\MesoChronology_files\v3_navigation_bar.htm <-- astv /Courses/Aztec/Notes/MesoChronology/MesoChronology_files v3_navigation_bar.htm
2005.09.01 15:22 B C:\Documents and Settings\rmendoza\Desktop\MesoChronology_files\v3_next_active.gif <-- astv /Courses/Aztec/Notes/MesoChronology/MesoChronology_files v3_next_active.gif
2005.09.01 15:22 B C:\Documents and Settings\rmendoza\Desktop\MesoChronology_files\v3_next_disabled.gif <-- astv /Courses/Aztec/Notes/MesoChronology/MesoChronology_files v3_next_disabled.gif
2005.09.01 15:22 B C:\Documents and Settings\rmendoza\Desktop\MesoChronology_files\v3_outline_collapse.gif <-- astv /Courses/Aztec/Notes/MesoChronology/MesoChronology_files v3_outline_collapse.gif
2005.09.01 15:22 B C:\Documents and Settings\rmendoza\Desktop\MesoChronology_files\v3_outline_collapsed.htm <-- astv /Courses/Aztec/Notes/MesoChronology/MesoChronology_files v3_outline_collapsed.htm
2005.09.01 15:22 B C:\Documents and Settings\rmendoza\Desktop\MesoChronology_files\v3_outline_expand.gif <-- astv /Courses/Aztec/Notes/MesoChronology/MesoChronology_files v3_outline_expand.gif
2005.09.01 15:22 B C:\Documents and Settings\rmendoza\Desktop\MesoChronology_files\v3_outline_expanded.htm <-- astv /Courses/Aztec/Notes/MesoChronology/MesoChronology_files v3_outline_expanded.htm
2005.09.01 15:22 B C:\Documents and Settings\rmendoza\Desktop\MesoChronology_files\v3_outline_navigation_bar.htm <-- astv /Courses/Aztec/Notes/MesoChronology/MesoChronology_files v3_outline_navigation_bar.htm
2005.09.01 15:22 B C:\Documents and Settings\rmendoza\Desktop\MesoChronology_files\v3_prev_active.gif <-- astv /Courses/Aztec/Notes/MesoChronology/MesoChronology_files v3_prev_active.gif
2005.09.01 15:22 B C:\Documents and Settings\rmendoza\Desktop\MesoChronology_files\v3_prev_disabled.gif <-- astv /Courses/Aztec/Notes/MesoChronology/MesoChronology_files v3_prev_disabled.gif
2005.09.01 15:22 B C:\Documents and Settings\rmendoza\Desktop\MesoChronology_files\v3_slide0001.htm <-- astv /Courses/Aztec/Notes/MesoChronology/MesoChronology_files v3_slide0001.htm
2005.09.01 15:22 B C:\Documents and Settings\rmendoza\Desktop\MesoChronology_files\v3_slide0012.htm <-- astv /Courses/Aztec/Notes/MesoChronology/MesoChronology_files v3_slide0012.htm
2005.09.01 15:22 B C:\Documents and Settings\rmendoza\Desktop\MesoChronology_files\v3_slide0013.htm <-- astv /Courses/Aztec/Notes/MesoChronology/MesoChronology_files v3_slide0013.htm
2005.09.01 15:22 B C:\Documents and Settings\rmendoza\Desktop\MesoChronology_files\v3_slide0013_background.jpg <-- astv /Courses/Aztec/Notes/MesoChronology/MesoChronology_files v3_slide0013_background.jpg
2005.09.01 15:22 B C:\Documents and Settings\rmendoza\Desktop\MesoChronology_files\v3_slide0013_image008.gif <-- astv /Courses/Aztec/Notes/MesoChronology/MesoChronology_files v3_slide0013_image008.gif
2005.09.01 15:22 B C:\Documents and Settings\rmendoza\Desktop\MesoChronology_files\v3_slide0013_image009.gif <-- astv /Courses/Aztec/Notes/MesoChronology/MesoChronology_files v3_slide0013_image009.gif
2005.09.01 15:22 B C:\Documents and Settings\rmendoza\Desktop\MesoChronology_files\v3_slide0013_image010.gif <-- astv /Courses/Aztec/Notes/MesoChronology/MesoChronology_files v3_slide0013_image010.gif
2005.09.01 15:22 B C:\Documents and Settings\rmendoza\Desktop\MesoChronology_files\v3_slide0014.htm <-- astv /Courses/Aztec/Notes/MesoChronology/MesoChronology_files v3_slide0014.htm
2005.09.01 15:22 B C:\Documents and Settings\rmendoza\Desktop\MesoChronology_files\v3_slide0015.htm <-- astv /Courses/Aztec/Notes/MesoChronology/MesoChronology_files v3_slide0015.htm
2005.09.01 15:22 B C:\Documents and Settings\rmendoza\Desktop\MesoChronology_files\v3_slide0016.htm <-- astv /Courses/Aztec/Notes/MesoChronology/MesoChronology_files v3_slide0016.htm
2005.09.01 15:22 B C:\Documents and Settings\rmendoza\Desktop\MesoChronology_files\v3_slide0017.htm <-- astv /Courses/Aztec/Notes/MesoChronology/MesoChronology_files v3_slide0017.htm
2005.09.01 15:22 B C:\Documents and Settings\rmendoza\Desktop\MesoChronology_files\v3_slide0018.htm <-- astv /Courses/Aztec/Notes/MesoChronology/MesoChronology_files v3_slide0018.htm
2005.09.01 15:22 B C:\Documents and Settings\rmendoza\Desktop\MesoChronology_files\v3_space.gif <-- astv /Courses/Aztec/Notes/MesoChronology/MesoChronology_files v3_space.gif
2005.09.01 15:29 B C:\Documents and Settings\rmendoza\Desktop\MesoChronology_files\buttons.gif --> archaeology.csumb.edu /Courses/Maya/Syllabus/Slideshows/MesoChronology_files buttons.gif
2005.09.01 15:29 B C:\Documents and Settings\rmendoza\Desktop\MesoChronology_files\error.htm --> archaeology.csumb.edu /Courses/Maya/Syllabus/Slideshows/MesoChronology_files error.htm
2005.09.01 15:29 B C:\Documents and Settings\rmendoza\Desktop\MesoChronology_files\filelist.xml --> archaeology.csumb.edu /Courses/Maya/Syllabus/Slideshows/MesoChronology_files filelist.xml
2005.09.01 15:29 B C:\Documents and Settings\rmendoza\Desktop\MesoChronology_files\frame.htm --> archaeology.csumb.edu /Courses/Maya/Syllabus/Slideshows/MesoChronology_files frame.htm
2005.09.01 15:29 B C:\Documents and Settings\rmendoza\Desktop\MesoChronology_files\fullscreen.htm --> archaeology.csumb.edu /Courses/Maya/Syllabus/Slideshows/MesoChronology_files fullscreen.htm
2005.09.01 15:29 B C:\Documents and Settings\rmendoza\Desktop\MesoChronology_files\image024.gif --> archaeology.csumb.edu /Courses/Maya/Syllabus/Slideshows/MesoChronology_files image024.gif
2005.09.01 15:29 B C:\Documents and Settings\rmendoza\Desktop\MesoChronology_files\master01.htm --> archaeology.csumb.edu /Courses/Maya/Syllabus/Slideshows/MesoChronology_files master01.htm
2005.09.01 15:29 B C:\Documents and Settings\rmendoza\Desktop\MesoChronology_files\master02.htm --> archaeology.csumb.edu /Courses/Maya/Syllabus/Slideshows/MesoChronology_files master02.htm
2005.09.01 15:29 B C:\Documents and Settings\rmendoza\Desktop\MesoChronology_files\master05.htm --> archaeology.csumb.edu /Courses/Maya/Syllabus/Slideshows/MesoChronology_files master05.htm
2005.09.01 15:29 B C:\Documents and Settings\rmendoza\Desktop\MesoChronology_files\master05.xml --> archaeology.csumb.edu /Courses/Maya/Syllabus/Slideshows/MesoChronology_files master05.xml
2005.09.01 15:29 B C:\Documents and Settings\rmendoza\Desktop\MesoChronology_files\master05_image001.png --> archaeology.csumb.edu /Courses/Maya/Syllabus/Slideshows/MesoChronology_files master05_image001.png
2005.09.01 15:29 B C:\Documents and Settings\rmendoza\Desktop\MesoChronology_files\master05_image022.gif --> archaeology.csumb.edu /Courses/Maya/Syllabus/Slideshows/MesoChronology_files master05_image022.gif
2005.09.01 15:29 B C:\Documents and Settings\rmendoza\Desktop\MesoChronology_files\master05_stylesheet.css --> archaeology.csumb.edu /Courses/Maya/Syllabus/Slideshows/MesoChronology_files master05_stylesheet.css
2005.09.01 15:29 B C:\Documents and Settings\rmendoza\Desktop\MesoChronology_files\master06.htm --> archaeology.csumb.edu /Courses/Maya/Syllabus/Slideshows/MesoChronology_files master06.htm
2005.09.01 15:29 B C:\Documents and Settings\rmendoza\Desktop\MesoChronology_files\master06.xml --> archaeology.csumb.edu /Courses/Maya/Syllabus/Slideshows/MesoChronology_files master06.xml
2005.09.01 15:29 B C:\Documents and Settings\rmendoza\Desktop\MesoChronology_files\master06_image021.gif --> archaeology.csumb.edu /Courses/Maya/Syllabus/Slideshows/MesoChronology_files master06_image021.gif
2005.09.01 15:29 B C:\Documents and Settings\rmendoza\Desktop\MesoChronology_files\outline.htm --> archaeology.csumb.edu /Courses/Maya/Syllabus/Slideshows/MesoChronology_files outline.htm
2005.09.01 15:29 B C:\Documents and Settings\rmendoza\Desktop\MesoChronology_files\pres.xml --> archaeology.csumb.edu /Courses/Maya/Syllabus/Slideshows/MesoChronology_files pres.xml
2005.09.01 15:29 B C:\Documents and Settings\rmendoza\Desktop\MesoChronology_files\preview.wmf --> archaeology.csumb.edu /Courses/Maya/Syllabus/Slideshows/MesoChronology_files preview.wmf
2005.09.01 15:29 B C:\Documents and Settings\rmendoza\Desktop\MesoChronology_files\script.js --> archaeology.csumb.edu /Courses/Maya/Syllabus/Slideshows/MesoChronology_files script.js
2005.09.01 15:29 B C:\Documents and Settings\rmendoza\Desktop\MesoChronology_files\slide0001.htm --> archaeology.csumb.edu /Courses/Maya/Syllabus/Slideshows/MesoChronology_files slide0001.htm
2005.09.01 15:29 B C:\Documents and Settings\rmendoza\Desktop\MesoChronology_files\slide0012.htm --> archaeology.csumb.edu /Courses/Maya/Syllabus/Slideshows/MesoChronology_files slide0012.htm
2005.09.01 15:29 B C:\Documents and Settings\rmendoza\Desktop\MesoChronology_files\slide0013.htm --> archaeology.csumb.edu /Courses/Maya/Syllabus/Slideshows/MesoChronology_files slide0013.htm
2005.09.01 15:29 B C:\Documents and Settings\rmendoza\Desktop\MesoChronology_files\slide0013_image023.gif --> archaeology.csumb.edu /Courses/Maya/Syllabus/Slideshows/MesoChronology_files slide0013_image023.gif
2005.09.01 15:29 B C:\Documents and Settings\rmendoza\Desktop\MesoChronology_files\slide0014.htm --> archaeology.csumb.edu /Courses/Maya/Syllabus/Slideshows/MesoChronology_files slide0014.htm
2005.09.01 15:29 B C:\Documents and Settings\rmendoza\Desktop\MesoChronology_files\slide0015.htm --> archaeology.csumb.edu /Courses/Maya/Syllabus/Slideshows/MesoChronology_files slide0015.htm
2005.09.01 15:29 B C:\Documents and Settings\rmendoza\Desktop\MesoChronology_files\slide0016.htm --> archaeology.csumb.edu /Courses/Maya/Syllabus/Slideshows/MesoChronology_files slide0016.htm
2005.09.01 15:29 B C:\Documents and Settings\rmendoza\Desktop\MesoChronology_files\slide0017.htm --> archaeology.csumb.edu /Courses/Maya/Syllabus/Slideshows/MesoChronology_files slide0017.htm
2005.09.01 15:29 B C:\Documents and Settings\rmendoza\Desktop\MesoChronology_files\slide0018.htm --> archaeology.csumb.edu /Courses/Maya/Syllabus/Slideshows/MesoChronology_files slide0018.htm
2005.09.01 15:29 B C:\Documents and Settings\rmendoza\Desktop\MesoChronology_files\v3_blank_notes.htm --> archaeology.csumb.edu /Courses/Maya/Syllabus/Slideshows/MesoChronology_files v3_blank_notes.htm
2005.09.01 15:29 B C:\Documents and Settings\rmendoza\Desktop\MesoChronology_files\v3_document.htm --> archaeology.csumb.edu /Courses/Maya/Syllabus/Slideshows/MesoChronology_files v3_document.htm
2005.09.01 15:29 B C:\Documents and Settings\rmendoza\Desktop\MesoChronology_files\v3_endshow.htm --> archaeology.csumb.edu /Courses/Maya/Syllabus/Slideshows/MesoChronology_files v3_endshow.htm
2005.09.01 15:29 B C:\Documents and Settings\rmendoza\Desktop\MesoChronology_files\v3_master05_background.jpg --> archaeology.csumb.edu /Courses/Maya/Syllabus/Slideshows/MesoChronology_files v3_master05_background.jpg
2005.09.01 15:29 B C:\Documents and Settings\rmendoza\Desktop\MesoChronology_files\v3_master05_image004.gif --> archaeology.csumb.edu /Courses/Maya/Syllabus/Slideshows/MesoChronology_files v3_master05_image004.gif
2005.09.01 15:29 B C:\Documents and Settings\rmendoza\Desktop\MesoChronology_files\v3_master05_image005.gif --> archaeology.csumb.edu /Courses/Maya/Syllabus/Slideshows/MesoChronology_files v3_master05_image005.gif
2005.09.01 15:29 B C:\Documents and Settings\rmendoza\Desktop\MesoChronology_files\v3_master05_image006.gif --> archaeology.csumb.edu /Courses/Maya/Syllabus/Slideshows/MesoChronology_files v3_master05_image006.gif
2005.09.01 15:29 B C:\Documents and Settings\rmendoza\Desktop\MesoChronology_files\v3_master05_image007.gif --> archaeology.csumb.edu /Courses/Maya/Syllabus/Slideshows/MesoChronology_files v3_master05_image007.gif
2005.09.01 15:29 B C:\Documents and Settings\rmendoza\Desktop\MesoChronology_files\v3_master05_image011.gif --> archaeology.csumb.edu /Courses/Maya/Syllabus/Slideshows/MesoChronology_files v3_master05_image011.gif
2005.09.01 15:29 B C:\Documents and Settings\rmendoza\Desktop\MesoChronology_files\v3_master05_image012.gif --> archaeology.csumb.edu /Courses/Maya/Syllabus/Slideshows/MesoChronology_files v3_master05_image012.gif
2005.09.01 15:29 B C:\Documents and Settings\rmendoza\Desktop\MesoChronology_files\v3_master05_image013.gif --> archaeology.csumb.edu /Courses/Maya/Syllabus/Slideshows/MesoChronology_files v3_master05_image013.gif
2005.09.01 15:29 B C:\Documents and Settings\rmendoza\Desktop\MesoChronology_files\v3_master05_image014.gif --> archaeology.csumb.edu /Courses/Maya/Syllabus/Slideshows/MesoChronology_files v3_master05_image014.gif
2005.09.01 15:29 B C:\Documents and Settings\rmendoza\Desktop\MesoChronology_files\v3_master05_image015.gif --> archaeology.csumb.edu /Courses/Maya/Syllabus/Slideshows/MesoChronology_files v3_master05_image015.gif
2005.09.01 15:29 B C:\Documents and Settings\rmendoza\Desktop\MesoChronology_files\v3_master05_image016.gif --> archaeology.csumb.edu /Courses/Maya/Syllabus/Slideshows/MesoChronology_files v3_master05_image016.gif
2005.09.01 15:29 B C:\Documents and Settings\rmendoza\Desktop\MesoChronology_files\v3_master05_image017.gif --> archaeology.csumb.edu /Courses/Maya/Syllabus/Slideshows/MesoChronology_files v3_master05_image017.gif
2005.09.01 15:29 B C:\Documents and Settings\rmendoza\Desktop\MesoChronology_files\v3_master05_image018.gif --> archaeology.csumb.edu /Courses/Maya/Syllabus/Slideshows/MesoChronology_files v3_master05_image018.gif
2005.09.01 15:29 B C:\Documents and Settings\rmendoza\Desktop\MesoChronology_files\v3_master05_image019.gif --> archaeology.csumb.edu /Courses/Maya/Syllabus/Slideshows/MesoChronology_files v3_master05_image019.gif
2005.09.01 15:29 B C:\Documents and Settings\rmendoza\Desktop\MesoChronology_files\v3_master05_image020.gif --> archaeology.csumb.edu /Courses/Maya/Syllabus/Slideshows/MesoChronology_files v3_master05_image020.gif
2005.09.01 15:29 B C:\Documents and Settings\rmendoza\Desktop\MesoChronology_files\v3_master06_background.jpg --> archaeology.csumb.edu /Courses/Maya/Syllabus/Slideshows/MesoChronology_files v3_master06_background.jpg
2005.09.01 15:29 B C:\Documents and Settings\rmendoza\Desktop\MesoChronology_files\v3_master06_image002.gif --> archaeology.csumb.edu /Courses/Maya/Syllabus/Slideshows/MesoChronology_files v3_master06_image002.gif
2005.09.01 15:29 B C:\Documents and Settings\rmendoza\Desktop\MesoChronology_files\v3_master06_image003.gif --> archaeology.csumb.edu /Courses/Maya/Syllabus/Slideshows/MesoChronology_files v3_master06_image003.gif
2005.09.01 15:29 B C:\Documents and Settings\rmendoza\Desktop\MesoChronology_files\v3_navigation_bar.htm --> archaeology.csumb.edu /Courses/Maya/Syllabus/Slideshows/MesoChronology_files v3_navigation_bar.htm
2005.09.01 15:29 B C:\Documents and Settings\rmendoza\Desktop\MesoChronology_files\v3_next_active.gif --> archaeology.csumb.edu /Courses/Maya/Syllabus/Slideshows/MesoChronology_files v3_next_active.gif
2005.09.01 15:29 B C:\Documents and Settings\rmendoza\Desktop\MesoChronology_files\v3_next_disabled.gif --> archaeology.csumb.edu /Courses/Maya/Syllabus/Slideshows/MesoChronology_files v3_next_disabled.gif
2005.09.01 15:29 B C:\Documents and Settings\rmendoza\Desktop\MesoChronology_files\v3_outline_collapse.gif --> archaeology.csumb.edu /Courses/Maya/Syllabus/Slideshows/MesoChronology_files v3_outline_collapse.gif
2005.09.01 15:29 B C:\Documents and Settings\rmendoza\Desktop\MesoChronology_files\v3_outline_collapsed.htm --> archaeology.csumb.edu /Courses/Maya/Syllabus/Slideshows/MesoChronology_files v3_outline_collapsed.htm
2005.09.01 15:29 B C:\Documents and Settings\rmendoza\Desktop\MesoChronology_files\v3_outline_expand.gif --> archaeology.csumb.edu /Courses/Maya/Syllabus/Slideshows/MesoChronology_files v3_outline_expand.gif
2005.09.01 15:29 B C:\Documents and Settings\rmendoza\Desktop\MesoChronology_files\v3_outline_expanded.htm --> archaeology.csumb.edu /Courses/Maya/Syllabus/Slideshows/MesoChronology_files v3_outline_expanded.htm
2005.09.01 15:29 B C:\Documents and Settings\rmendoza\Desktop\MesoChronology_files\v3_outline_navigation_bar.htm --> archaeology.csumb.edu /Courses/Maya/Syllabus/Slideshows/MesoChronology_files v3_outline_navigation_bar.htm
2005.09.01 15:29 B C:\Documents and Settings\rmendoza\Desktop\MesoChronology_files\v3_prev_active.gif --> archaeology.csumb.edu /Courses/Maya/Syllabus/Slideshows/MesoChronology_files v3_prev_active.gif
2005.09.01 15:29 B C:\Documents and Settings\rmendoza\Desktop\MesoChronology_files\v3_prev_disabled.gif --> archaeology.csumb.edu /Courses/Maya/Syllabus/Slideshows/MesoChronology_files v3_prev_disabled.gif
2005.09.01 15:29 B C:\Documents and Settings\rmendoza\Desktop\MesoChronology_files\v3_slide0001.htm --> archaeology.csumb.edu /Courses/Maya/Syllabus/Slideshows/MesoChronology_files v3_slide0001.htm
2005.09.01 15:29 B C:\Documents and Settings\rmendoza\Desktop\MesoChronology_files\v3_slide0012.htm --> archaeology.csumb.edu /Courses/Maya/Syllabus/Slideshows/MesoChronology_files v3_slide0012.htm
2005.09.01 15:29 B C:\Documents and Settings\rmendoza\Desktop\MesoChronology_files\v3_slide0013.htm --> archaeology.csumb.edu /Courses/Maya/Syllabus/Slideshows/MesoChronology_files v3_slide0013.htm
2005.09.01 15:29 B C:\Documents and Settings\rmendoza\Desktop\MesoChronology_files\v3_slide0013_background.jpg --> archaeology.csumb.edu /Courses/Maya/Syllabus/Slideshows/MesoChronology_files v3_slide0013_background.jpg
2005.09.01 15:29 B C:\Documents and Settings\rmendoza\Desktop\MesoChronology_files\v3_slide0013_image008.gif --> archaeology.csumb.edu /Courses/Maya/Syllabus/Slideshows/MesoChronology_files v3_slide0013_image008.gif
2005.09.01 15:29 B C:\Documents and Settings\rmendoza\Desktop\MesoChronology_files\v3_slide0013_image009.gif --> archaeology.csumb.edu /Courses/Maya/Syllabus/Slideshows/MesoChronology_files v3_slide0013_image009.gif
2005.09.01 15:29 B C:\Documents and Settings\rmendoza\Desktop\MesoChronology_files\v3_slide0013_image010.gif --> archaeology.csumb.edu /Courses/Maya/Syllabus/Slideshows/MesoChronology_files v3_slide0013_image010.gif
2005.09.01 15:29 B C:\Documents and Settings\rmendoza\Desktop\MesoChronology_files\v3_slide0014.htm --> archaeology.csumb.edu /Courses/Maya/Syllabus/Slideshows/MesoChronology_files v3_slide0014.htm
2005.09.01 15:29 B C:\Documents and Settings\rmendoza\Desktop\MesoChronology_files\v3_slide0015.htm --> archaeology.csumb.edu /Courses/Maya/Syllabus/Slideshows/MesoChronology_files v3_slide0015.htm
2005.09.01 15:29 B C:\Documents and Settings\rmendoza\Desktop\MesoChronology_files\v3_slide0016.htm --> archaeology.csumb.edu /Courses/Maya/Syllabus/Slideshows/MesoChronology_files v3_slide0016.htm
2005.09.01 15:29 B C:\Documents and Settings\rmendoza\Desktop\MesoChronology_files\v3_slide0017.htm --> archaeology.csumb.edu /Courses/Maya/Syllabus/Slideshows/MesoChronology_files v3_slide0017.htm
2005.09.01 15:29 B C:\Documents and Settings\rmendoza\Desktop\MesoChronology_files\v3_slide0018.htm --> archaeology.csumb.edu /Courses/Maya/Syllabus/Slideshows/MesoChronology_files v3_slide0018.htm
2005.09.01 15:29 B C:\Documents and Settings\rmendoza\Desktop\MesoChronology_files\v3_space.gif --> archaeology.csumb.edu /Courses/Maya/Syllabus/Slideshows/MesoChronology_files v3_space.gif
