2003.05.14 08:07 B C:\Mission Ceramics Project\MissionCeramicsIntro.jpg --> archaeology.csumb.edu /Multimedia/Mission Ceramics Project MissionCeramicsIntro.jpg
2003.05.14 08:11 B C:\Mission Ceramics Project\MissionCeramicsIntro.psd --> archaeology.csumb.edu /Multimedia/Mission Ceramics Project MissionCeramicsIntro.psd
2003.05.14 08:12 B C:\Mission Ceramics Project\MissionCeramicsMenu.jpg --> archaeology.csumb.edu /Multimedia/Mission Ceramics Project MissionCeramicsMenu.jpg
2003.05.14 08:12 B C:\Mission Ceramics Project\MissionCeramicsTitle.jpg --> archaeology.csumb.edu /Multimedia/Mission Ceramics Project MissionCeramicsTitle.jpg
2003.05.14 08:12 B C:\Mission Ceramics Project\MissionCeramicsTypeColl.jpg --> archaeology.csumb.edu /Multimedia/Mission Ceramics Project MissionCeramicsTypeColl.jpg
2003.05.14 08:13 B C:\Mission Ceramics Project\MissionCeramicsTypology.jpg --> archaeology.csumb.edu /Multimedia/Mission Ceramics Project MissionCeramicsTypology.jpg
2003.05.14 08:13 B C:\Mission Ceramics Project\TypeScreen.html --> archaeology.csumb.edu /Multimedia/Mission Ceramics Project TypeScreen.html
2003.05.14 08:13 B C:\Mission Ceramics Project\TypologyScreen.html --> archaeology.csumb.edu /Multimedia/Mission Ceramics Project TypologyScreen.html
2003.05.14 08:13 B C:\Mission Ceramics Project\WS_FTP.LOG --> archaeology.csumb.edu /Multimedia/Mission Ceramics Project WS_FTP.LOG
2003.05.14 08:14 B C:\Mission Ceramics Project\InstituteProjects.jpg <-- archaeology.csumb.edu / InstituteProjects.jpg
2003.05.14 08:15 B C:\Mission Ceramics Project\ASTVproj.html <-- archaeology.csumb.edu / ASTVproj.html
2003.05.14 08:36 B C:\Mission Ceramics Project\ASTVproj.html --> archaeology.csumb.edu / ASTVproj.html
2003.05.14 08:39 B C:\Mission Ceramics Project\ASTVproj.html --> archaeology.csumb.edu / ASTVproj.html
2003.05.14 08:43 B C:\MissionCeramicsProject\ASTVproj.html --> archaeology.csumb.edu /Multimedia/MissionCeramicsProject ASTVproj.html
2003.05.14 08:43 B C:\MissionCeramicsProject\ColorChartScreen.html --> archaeology.csumb.edu /Multimedia/MissionCeramicsProject ColorChartScreen.html
2003.05.14 08:43 B C:\MissionCeramicsProject\Index.htm --> archaeology.csumb.edu /Multimedia/MissionCeramicsProject Index.htm
2003.05.14 08:43 B C:\MissionCeramicsProject\InstituteProjects.jpg --> archaeology.csumb.edu /Multimedia/MissionCeramicsProject InstituteProjects.jpg
2003.05.14 08:43 B C:\MissionCeramicsProject\MenuScreen.html --> archaeology.csumb.edu /Multimedia/MissionCeramicsProject MenuScreen.html
2003.05.14 08:43 B C:\MissionCeramicsProject\MissionCeramicsColors.jpg --> archaeology.csumb.edu /Multimedia/MissionCeramicsProject MissionCeramicsColors.jpg
2003.05.14 08:43 B C:\MissionCeramicsProject\MissionCeramicsIntro.jpg --> archaeology.csumb.edu /Multimedia/MissionCeramicsProject MissionCeramicsIntro.jpg
2003.05.14 08:43 B C:\MissionCeramicsProject\MissionCeramicsMenu.jpg --> archaeology.csumb.edu /Multimedia/MissionCeramicsProject MissionCeramicsMenu.jpg
2003.05.14 08:43 B C:\MissionCeramicsProject\MissionCeramicsTitle.jpg --> archaeology.csumb.edu /Multimedia/MissionCeramicsProject MissionCeramicsTitle.jpg
2003.05.14 08:43 B C:\MissionCeramicsProject\MissionCeramicsTN.jpg --> archaeology.csumb.edu /Multimedia/MissionCeramicsProject MissionCeramicsTN.jpg
2003.05.14 08:44 B C:\MissionCeramicsProject\MissionCeramicsTypeColl.jpg --> archaeology.csumb.edu /Multimedia/MissionCeramicsProject MissionCeramicsTypeColl.jpg
2003.05.14 08:44 B C:\MissionCeramicsProject\MissionCeramicsTypology.jpg --> archaeology.csumb.edu /Multimedia/MissionCeramicsProject MissionCeramicsTypology.jpg
2003.05.14 08:44 B C:\MissionCeramicsProject\TypeScreen.html --> archaeology.csumb.edu /Multimedia/MissionCeramicsProject TypeScreen.html
2003.05.14 08:44 B C:\MissionCeramicsProject\TypologyScreen.html --> archaeology.csumb.edu /Multimedia/MissionCeramicsProject TypologyScreen.html
