2001.11.17 17:16 B D:\sbsc360sSp2002\titles\Advising.jpg --> staff.csumb.edu /students/sz/valladeressalvar/private/sbsc360sSp2002/titles Advising.jpg
2001.11.17 17:16 B D:\sbsc360sSp2002\titles\Advising.psd --> staff.csumb.edu /students/sz/valladeressalvar/private/sbsc360sSp2002/titles Advising.psd
2001.11.17 17:16 B D:\sbsc360sSp2002\titles\Assessment.jpg --> staff.csumb.edu /students/sz/valladeressalvar/private/sbsc360sSp2002/titles Assessment.jpg
2001.11.17 17:16 B D:\sbsc360sSp2002\titles\Assessment.psd --> staff.csumb.edu /students/sz/valladeressalvar/private/sbsc360sSp2002/titles Assessment.psd
2001.11.17 17:16 B D:\sbsc360sSp2002\titles\Deliverables.jpg --> staff.csumb.edu /students/sz/valladeressalvar/private/sbsc360sSp2002/titles Deliverables.jpg
2001.11.17 17:16 B D:\sbsc360sSp2002\titles\Deliverables.psd --> staff.csumb.edu /students/sz/valladeressalvar/private/sbsc360sSp2002/titles Deliverables.psd
2001.11.17 17:16 B D:\sbsc360sSp2002\titles\FieldTitle1.jpg --> staff.csumb.edu /students/sz/valladeressalvar/private/sbsc360sSp2002/titles FieldTitle1.jpg
2001.11.17 17:16 B D:\sbsc360sSp2002\titles\Introduction.jpg --> staff.csumb.edu /students/sz/valladeressalvar/private/sbsc360sSp2002/titles Introduction.jpg
2001.11.17 17:16 B D:\sbsc360sSp2002\titles\Introduction.psd --> staff.csumb.edu /students/sz/valladeressalvar/private/sbsc360sSp2002/titles Introduction.psd
2001.11.17 17:16 B D:\sbsc360sSp2002\titles\Journals.jpg --> staff.csumb.edu /students/sz/valladeressalvar/private/sbsc360sSp2002/titles Journals.jpg
2001.11.17 17:16 B D:\sbsc360sSp2002\titles\Journals.psd --> staff.csumb.edu /students/sz/valladeressalvar/private/sbsc360sSp2002/titles Journals.psd
2001.11.17 17:16 B D:\sbsc360sSp2002\titles\Readings.jpg --> staff.csumb.edu /students/sz/valladeressalvar/private/sbsc360sSp2002/titles Readings.jpg
2001.11.17 17:16 B D:\sbsc360sSp2002\titles\Readings.psd --> staff.csumb.edu /students/sz/valladeressalvar/private/sbsc360sSp2002/titles Readings.psd
2001.11.17 17:16 B D:\sbsc360sSp2002\titles\Requirements.jpg --> staff.csumb.edu /students/sz/valladeressalvar/private/sbsc360sSp2002/titles Requirements.jpg
2001.11.17 17:16 B D:\sbsc360sSp2002\titles\Requirements.psd --> staff.csumb.edu /students/sz/valladeressalvar/private/sbsc360sSp2002/titles Requirements.psd
2001.11.17 17:16 B D:\sbsc360sSp2002\titles\Resources.jpg --> staff.csumb.edu /students/sz/valladeressalvar/private/sbsc360sSp2002/titles Resources.jpg
2001.11.17 17:16 B D:\sbsc360sSp2002\titles\Resources.psd --> staff.csumb.edu /students/sz/valladeressalvar/private/sbsc360sSp2002/titles Resources.psd
2001.11.17 17:16 B D:\sbsc360sSp2002\titles\sbsm350sMain.jpg --> staff.csumb.edu /students/sz/valladeressalvar/private/sbsc360sSp2002/titles sbsm350sMain.jpg
2001.11.17 17:16 B D:\sbsc360sSp2002\titles\sbsm350sMain.psd --> staff.csumb.edu /students/sz/valladeressalvar/private/sbsc360sSp2002/titles sbsm350sMain.psd
2001.11.17 17:16 B D:\sbsc360sSp2002\titles\Schedule.jpg --> staff.csumb.edu /students/sz/valladeressalvar/private/sbsc360sSp2002/titles Schedule.jpg
2001.11.17 17:16 B D:\sbsc360sSp2002\titles\Schedule.psd --> staff.csumb.edu /students/sz/valladeressalvar/private/sbsc360sSp2002/titles Schedule.psd
2001.11.19 17:32 B D:\sbsc360sSp2002\titles\Advising.jpg --> seal.csumb.edu /students/sz/valladeressalvar/world/sbsc360sSp2002/titles Advising.jpg
2001.11.19 17:32 B D:\sbsc360sSp2002\titles\Advising.psd --> seal.csumb.edu /students/sz/valladeressalvar/world/sbsc360sSp2002/titles Advising.psd
2001.11.19 17:32 B D:\sbsc360sSp2002\titles\Assessment.jpg --> seal.csumb.edu /students/sz/valladeressalvar/world/sbsc360sSp2002/titles Assessment.jpg
2001.11.19 17:32 B D:\sbsc360sSp2002\titles\Assessment.psd --> seal.csumb.edu /students/sz/valladeressalvar/world/sbsc360sSp2002/titles Assessment.psd
2001.11.19 17:32 B D:\sbsc360sSp2002\titles\Deliverables.jpg --> seal.csumb.edu /students/sz/valladeressalvar/world/sbsc360sSp2002/titles Deliverables.jpg
2001.11.19 17:32 B D:\sbsc360sSp2002\titles\Deliverables.psd --> seal.csumb.edu /students/sz/valladeressalvar/world/sbsc360sSp2002/titles Deliverables.psd
2001.11.19 17:32 B D:\sbsc360sSp2002\titles\FieldTitle1.jpg --> seal.csumb.edu /students/sz/valladeressalvar/world/sbsc360sSp2002/titles FieldTitle1.jpg
2001.11.19 17:32 B D:\sbsc360sSp2002\titles\FINDER.DAT --> seal.csumb.edu /students/sz/valladeressalvar/world/sbsc360sSp2002/titles FINDER.DAT
2001.11.19 17:32 B D:\sbsc360sSp2002\titles\Introduction.jpg --> seal.csumb.edu /students/sz/valladeressalvar/world/sbsc360sSp2002/titles Introduction.jpg
2001.11.19 17:32 B D:\sbsc360sSp2002\titles\Introduction.psd --> seal.csumb.edu /students/sz/valladeressalvar/world/sbsc360sSp2002/titles Introduction.psd
2001.11.19 17:32 B D:\sbsc360sSp2002\titles\Journals.jpg --> seal.csumb.edu /students/sz/valladeressalvar/world/sbsc360sSp2002/titles Journals.jpg
2001.11.19 17:32 B D:\sbsc360sSp2002\titles\Journals.psd --> seal.csumb.edu /students/sz/valladeressalvar/world/sbsc360sSp2002/titles Journals.psd
2001.11.19 17:32 B D:\sbsc360sSp2002\titles\Readings.jpg --> seal.csumb.edu /students/sz/valladeressalvar/world/sbsc360sSp2002/titles Readings.jpg
2001.11.19 17:32 B D:\sbsc360sSp2002\titles\Readings.psd --> seal.csumb.edu /students/sz/valladeressalvar/world/sbsc360sSp2002/titles Readings.psd
2001.11.19 17:32 B D:\sbsc360sSp2002\titles\Requirements.jpg --> seal.csumb.edu /students/sz/valladeressalvar/world/sbsc360sSp2002/titles Requirements.jpg
2001.11.19 17:32 B D:\sbsc360sSp2002\titles\Requirements.psd --> seal.csumb.edu /students/sz/valladeressalvar/world/sbsc360sSp2002/titles Requirements.psd
2001.11.19 17:32 B D:\sbsc360sSp2002\titles\Resources.jpg --> seal.csumb.edu /students/sz/valladeressalvar/world/sbsc360sSp2002/titles Resources.jpg
2001.11.19 17:32 B D:\sbsc360sSp2002\titles\Resources.psd --> seal.csumb.edu /students/sz/valladeressalvar/world/sbsc360sSp2002/titles Resources.psd
2001.11.19 17:32 B D:\sbsc360sSp2002\titles\sbsm350sMain.jpg --> seal.csumb.edu /students/sz/valladeressalvar/world/sbsc360sSp2002/titles sbsm350sMain.jpg
2001.11.19 17:32 B D:\sbsc360sSp2002\titles\sbsm350sMain.psd --> seal.csumb.edu /students/sz/valladeressalvar/world/sbsc360sSp2002/titles sbsm350sMain.psd
2001.11.19 17:32 B D:\sbsc360sSp2002\titles\Schedule.jpg --> seal.csumb.edu /students/sz/valladeressalvar/world/sbsc360sSp2002/titles Schedule.jpg
2001.11.19 17:32 B D:\sbsc360sSp2002\titles\Schedule.psd --> seal.csumb.edu /students/sz/valladeressalvar/world/sbsc360sSp2002/titles Schedule.psd
2001.12.14 13:31 B D:\ruben_mendoza\sbsc360sSp2002\titles\WS_FTP.LOG <-- seal /students/sz/valladeressalvar/private/ruben_mendoza/sbsc360sSp2002/titles WS_FTP.LOG
2004.02.05 19:12 B C:\Documents and Settings\All Users\Documents\sbsc360sSp2002\titles\WS_FTP.LOG <-- ASTV /Courses/sbsc360sSp2002/titles WS_FTP.LOG
2004.02.05 21:39 B C:\Documents and Settings\All Users\Documents\sbsc360sSp2002\titles\WS_FTP.LOG --> archaeology.csumb.edu /Courses/sbsc360sSp2002/titles WS_FTP.LOG
2004.08.27 05:51 B C:\Documents and Settings\rmendoza\Desktop\sbsc360sSp2002\titles\WS_FTP.LOG <-- Ipswitch /Courses/sbsc360sSp2002/titles WS_FTP.LOG
2004.08.27 07:18 B C:\Documents and Settings\rmendoza\Desktop\sbsc360sSp2002\titles\Advising.jpg --> archaeology.csumb.edu /Courses/sbsc360sSp2002/titles Advising.jpg
2004.08.27 07:18 B C:\Documents and Settings\rmendoza\Desktop\sbsc360sSp2002\titles\Assessment.jpg --> archaeology.csumb.edu /Courses/sbsc360sSp2002/titles Assessment.jpg
2004.08.27 07:18 B C:\Documents and Settings\rmendoza\Desktop\sbsc360sSp2002\titles\Deliverables.jpg --> archaeology.csumb.edu /Courses/sbsc360sSp2002/titles Deliverables.jpg
2004.08.27 07:18 B C:\Documents and Settings\rmendoza\Desktop\sbsc360sSp2002\titles\FieldTitle1.jpg --> archaeology.csumb.edu /Courses/sbsc360sSp2002/titles FieldTitle1.jpg
2004.08.27 07:18 B C:\Documents and Settings\rmendoza\Desktop\sbsc360sSp2002\titles\Introduction.jpg --> archaeology.csumb.edu /Courses/sbsc360sSp2002/titles Introduction.jpg
2004.08.27 07:18 B C:\Documents and Settings\rmendoza\Desktop\sbsc360sSp2002\titles\Journals.jpg --> archaeology.csumb.edu /Courses/sbsc360sSp2002/titles Journals.jpg
2004.08.27 07:18 B C:\Documents and Settings\rmendoza\Desktop\sbsc360sSp2002\titles\Readings.jpg --> archaeology.csumb.edu /Courses/sbsc360sSp2002/titles Readings.jpg
2004.08.27 07:18 B C:\Documents and Settings\rmendoza\Desktop\sbsc360sSp2002\titles\Requirements.jpg --> archaeology.csumb.edu /Courses/sbsc360sSp2002/titles Requirements.jpg
2004.08.27 07:18 B C:\Documents and Settings\rmendoza\Desktop\sbsc360sSp2002\titles\Resources.jpg --> archaeology.csumb.edu /Courses/sbsc360sSp2002/titles Resources.jpg
2004.08.27 07:18 B C:\Documents and Settings\rmendoza\Desktop\sbsc360sSp2002\titles\sbsm350sMain.jpg --> archaeology.csumb.edu /Courses/sbsc360sSp2002/titles sbsm350sMain.jpg
2004.08.27 07:18 B C:\Documents and Settings\rmendoza\Desktop\sbsc360sSp2002\titles\Schedule.jpg --> archaeology.csumb.edu /Courses/sbsc360sSp2002/titles Schedule.jpg
2004.08.27 07:18 B C:\Documents and Settings\rmendoza\Desktop\sbsc360sSp2002\titles\WS_FTP.LOG --> archaeology.csumb.edu /Courses/sbsc360sSp2002/titles WS_FTP.LOG
2004.09.15 17:13 B C:\Documents and Settings\rmendoza\Desktop\HispanicCalifornia\titles\Advising.jpg --> archaeology.csumb.edu /Courses/HispanicCalifornia/titles Advising.jpg
2004.09.15 17:13 B C:\Documents and Settings\rmendoza\Desktop\HispanicCalifornia\titles\Advising.psd --> archaeology.csumb.edu /Courses/HispanicCalifornia/titles Advising.psd
2004.09.15 17:13 B C:\Documents and Settings\rmendoza\Desktop\HispanicCalifornia\titles\Assessment.jpg --> archaeology.csumb.edu /Courses/HispanicCalifornia/titles Assessment.jpg
2004.09.15 17:13 B C:\Documents and Settings\rmendoza\Desktop\HispanicCalifornia\titles\ButtonsTemplate.psd --> archaeology.csumb.edu /Courses/HispanicCalifornia/titles ButtonsTemplate.psd
2004.09.15 17:13 B C:\Documents and Settings\rmendoza\Desktop\HispanicCalifornia\titles\Deliverables.jpg --> archaeology.csumb.edu /Courses/HispanicCalifornia/titles Deliverables.jpg
2004.09.15 17:13 B C:\Documents and Settings\rmendoza\Desktop\HispanicCalifornia\titles\Deliverables.psd --> archaeology.csumb.edu /Courses/HispanicCalifornia/titles Deliverables.psd
2004.09.15 17:13 B C:\Documents and Settings\rmendoza\Desktop\HispanicCalifornia\titles\FieldTitle1.jpg --> archaeology.csumb.edu /Courses/HispanicCalifornia/titles FieldTitle1.jpg
2004.09.15 17:13 B C:\Documents and Settings\rmendoza\Desktop\HispanicCalifornia\titles\HeritageLinks.jpg --> archaeology.csumb.edu /Courses/HispanicCalifornia/titles HeritageLinks.jpg
2004.09.15 17:13 B C:\Documents and Settings\rmendoza\Desktop\HispanicCalifornia\titles\HeritageLinks.psd --> archaeology.csumb.edu /Courses/HispanicCalifornia/titles HeritageLinks.psd
2004.09.15 17:13 B C:\Documents and Settings\rmendoza\Desktop\HispanicCalifornia\titles\Introduction.jpg --> archaeology.csumb.edu /Courses/HispanicCalifornia/titles Introduction.jpg
2004.09.15 17:13 B C:\Documents and Settings\rmendoza\Desktop\HispanicCalifornia\titles\Introduction.psd --> archaeology.csumb.edu /Courses/HispanicCalifornia/titles Introduction.psd
2004.09.15 17:13 B C:\Documents and Settings\rmendoza\Desktop\HispanicCalifornia\titles\Journals.jpg --> archaeology.csumb.edu /Courses/HispanicCalifornia/titles Journals.jpg
2004.09.15 17:13 B C:\Documents and Settings\rmendoza\Desktop\HispanicCalifornia\titles\MapLinks.jpg --> archaeology.csumb.edu /Courses/HispanicCalifornia/titles MapLinks.jpg
2004.09.15 17:13 B C:\Documents and Settings\rmendoza\Desktop\HispanicCalifornia\titles\MapLinks.psd --> archaeology.csumb.edu /Courses/HispanicCalifornia/titles MapLinks.psd
2004.09.15 17:13 B C:\Documents and Settings\rmendoza\Desktop\HispanicCalifornia\titles\OnlineForums.jpg --> archaeology.csumb.edu /Courses/HispanicCalifornia/titles OnlineForums.jpg
2004.09.15 17:14 B C:\Documents and Settings\rmendoza\Desktop\HispanicCalifornia\titles\OnlineForums.psd --> archaeology.csumb.edu /Courses/HispanicCalifornia/titles OnlineForums.psd
2004.09.15 17:14 B C:\Documents and Settings\rmendoza\Desktop\HispanicCalifornia\titles\Readings.jpg --> archaeology.csumb.edu /Courses/HispanicCalifornia/titles Readings.jpg
2004.09.15 17:14 B C:\Documents and Settings\rmendoza\Desktop\HispanicCalifornia\titles\Readings.psd --> archaeology.csumb.edu /Courses/HispanicCalifornia/titles Readings.psd
2004.09.15 17:14 B C:\Documents and Settings\rmendoza\Desktop\HispanicCalifornia\titles\Requirements.jpg --> archaeology.csumb.edu /Courses/HispanicCalifornia/titles Requirements.jpg
2004.09.15 17:14 B C:\Documents and Settings\rmendoza\Desktop\HispanicCalifornia\titles\Resources.jpg --> archaeology.csumb.edu /Courses/HispanicCalifornia/titles Resources.jpg
2004.09.15 17:14 B C:\Documents and Settings\rmendoza\Desktop\HispanicCalifornia\titles\sbsm350sMain.jpg --> archaeology.csumb.edu /Courses/HispanicCalifornia/titles sbsm350sMain.jpg
2004.09.15 17:14 B C:\Documents and Settings\rmendoza\Desktop\HispanicCalifornia\titles\Schedule.jpg --> archaeology.csumb.edu /Courses/HispanicCalifornia/titles Schedule.jpg
2004.09.15 17:14 B C:\Documents and Settings\rmendoza\Desktop\HispanicCalifornia\titles\Schedule.psd --> archaeology.csumb.edu /Courses/HispanicCalifornia/titles Schedule.psd
2004.09.15 17:14 B C:\Documents and Settings\rmendoza\Desktop\HispanicCalifornia\titles\Syllabus.jpg --> archaeology.csumb.edu /Courses/HispanicCalifornia/titles Syllabus.jpg
2004.09.15 17:14 B C:\Documents and Settings\rmendoza\Desktop\HispanicCalifornia\titles\Syllabus.psd --> archaeology.csumb.edu /Courses/HispanicCalifornia/titles Syllabus.psd
