2005.05.09 17:39 B C:\Documents and Settings\rmendoza\Desktop\SacredMysteries\Titles\Buttons\Bibliography.jpg --> archaeology.csumb.edu C:/sambar61/docs/SacredMysteries/Titles/Buttons Bibliography.jpg
2005.05.09 17:39 B C:\Documents and Settings\rmendoza\Desktop\SacredMysteries\Titles\Buttons\Credits.jpg --> archaeology.csumb.edu C:/sambar61/docs/SacredMysteries/Titles/Buttons Credits.jpg
2005.05.09 17:39 B C:\Documents and Settings\rmendoza\Desktop\SacredMysteries\Titles\Buttons\FeastDays.jpg --> archaeology.csumb.edu C:/sambar61/docs/SacredMysteries/Titles/Buttons FeastDays.jpg
2005.05.09 17:39 B C:\Documents and Settings\rmendoza\Desktop\SacredMysteries\Titles\Buttons\FieldNotes.jpg --> archaeology.csumb.edu C:/sambar61/docs/SacredMysteries/Titles/Buttons FieldNotes.jpg
2005.05.09 17:39 B C:\Documents and Settings\rmendoza\Desktop\SacredMysteries\Titles\Buttons\Glossary.jpg --> archaeology.csumb.edu C:/sambar61/docs/SacredMysteries/Titles/Buttons Glossary.jpg
2005.05.09 17:39 B C:\Documents and Settings\rmendoza\Desktop\SacredMysteries\Titles\Buttons\Images.jpg --> archaeology.csumb.edu C:/sambar61/docs/SacredMysteries/Titles/Buttons Images.jpg
2005.05.09 17:39 B C:\Documents and Settings\rmendoza\Desktop\SacredMysteries\Titles\Buttons\Introduction.jpg --> archaeology.csumb.edu C:/sambar61/docs/SacredMysteries/Titles/Buttons Introduction.jpg
2005.05.09 17:39 B C:\Documents and Settings\rmendoza\Desktop\SacredMysteries\Titles\Buttons\MaterialCulture.jpg --> archaeology.csumb.edu C:/sambar61/docs/SacredMysteries/Titles/Buttons MaterialCulture.jpg
2005.05.09 17:39 B C:\Documents and Settings\rmendoza\Desktop\SacredMysteries\Titles\Buttons\Resources.jpg --> archaeology.csumb.edu C:/sambar61/docs/SacredMysteries/Titles/Buttons Resources.jpg
2005.05.09 17:39 B C:\Documents and Settings\rmendoza\Desktop\SacredMysteries\Titles\Buttons\SacredSpaces.jpg --> archaeology.csumb.edu C:/sambar61/docs/SacredMysteries/Titles/Buttons SacredSpaces.jpg
2005.05.09 17:39 B C:\Documents and Settings\rmendoza\Desktop\SacredMysteries\Titles\Buttons\Symbology.jpg --> archaeology.csumb.edu C:/sambar61/docs/SacredMysteries/Titles/Buttons Symbology.jpg
2005.05.11 13:36 B C:\Documents and Settings\rmendoza\Desktop\SacredMysteries\Titles\Buttons\BibliographyYW.jpg --> archaeology.csumb.edu C:/sambar61/docs/SacredMysteries/Titles/Buttons BibliographyYW.jpg
2005.05.11 13:36 B C:\Documents and Settings\rmendoza\Desktop\SacredMysteries\Titles\Buttons\CreditsYW.jpg --> archaeology.csumb.edu C:/sambar61/docs/SacredMysteries/Titles/Buttons CreditsYW.jpg
2005.05.11 13:36 B C:\Documents and Settings\rmendoza\Desktop\SacredMysteries\Titles\Buttons\FeastDaysYW.jpg --> archaeology.csumb.edu C:/sambar61/docs/SacredMysteries/Titles/Buttons FeastDaysYW.jpg
2005.05.11 13:36 B C:\Documents and Settings\rmendoza\Desktop\SacredMysteries\Titles\Buttons\GlossaryYW.jpg --> archaeology.csumb.edu C:/sambar61/docs/SacredMysteries/Titles/Buttons GlossaryYW.jpg
2005.05.11 13:36 B C:\Documents and Settings\rmendoza\Desktop\SacredMysteries\Titles\Buttons\ImagesYW.jpg --> archaeology.csumb.edu C:/sambar61/docs/SacredMysteries/Titles/Buttons ImagesYW.jpg
2005.05.11 13:36 B C:\Documents and Settings\rmendoza\Desktop\SacredMysteries\Titles\Buttons\IntroductionYW.jpg --> archaeology.csumb.edu C:/sambar61/docs/SacredMysteries/Titles/Buttons IntroductionYW.jpg
2005.05.11 13:36 B C:\Documents and Settings\rmendoza\Desktop\SacredMysteries\Titles\Buttons\MaterialCultureYW.jpg --> archaeology.csumb.edu C:/sambar61/docs/SacredMysteries/Titles/Buttons MaterialCultureYW.jpg
2005.05.11 13:36 B C:\Documents and Settings\rmendoza\Desktop\SacredMysteries\Titles\Buttons\ResourcesYW.jpg --> archaeology.csumb.edu C:/sambar61/docs/SacredMysteries/Titles/Buttons ResourcesYW.jpg
2005.05.11 13:36 B C:\Documents and Settings\rmendoza\Desktop\SacredMysteries\Titles\Buttons\SacredSpacesYW.jpg --> archaeology.csumb.edu C:/sambar61/docs/SacredMysteries/Titles/Buttons SacredSpacesYW.jpg
2005.05.11 13:36 B C:\Documents and Settings\rmendoza\Desktop\SacredMysteries\Titles\Buttons\SymbologyYW.jpg --> archaeology.csumb.edu C:/sambar61/docs/SacredMysteries/Titles/Buttons SymbologyYW.jpg
2005.05.11 13:36 B C:\Documents and Settings\rmendoza\Desktop\SacredMysteries\Titles\Buttons\WS_FTP.LOG --> archaeology.csumb.edu C:/sambar61/docs/SacredMysteries/Titles/Buttons WS_FTP.LOG
