2001.11.17 17:16 B D:\sbsc360sSp2002\Advising.html --> staff.csumb.edu /students/sz/valladeressalvar/private/sbsc360sSp2002 Advising.html
2001.11.17 17:16 B D:\sbsc360sSp2002\Advising.jpg --> staff.csumb.edu /students/sz/valladeressalvar/private/sbsc360sSp2002 Advising.jpg
2001.11.17 17:16 B D:\sbsc360sSp2002\Assessment.jpg --> staff.csumb.edu /students/sz/valladeressalvar/private/sbsc360sSp2002 Assessment.jpg
2001.11.17 17:16 B D:\sbsc360sSp2002\Deliverables.jpg --> staff.csumb.edu /students/sz/valladeressalvar/private/sbsc360sSp2002 Deliverables.jpg
2001.11.17 17:16 B D:\sbsc360sSp2002\description.html --> staff.csumb.edu /students/sz/valladeressalvar/private/sbsc360sSp2002 description.html
2001.11.17 17:16 B D:\sbsc360sSp2002\FieldTitle1.jpg --> staff.csumb.edu /students/sz/valladeressalvar/private/sbsc360sSp2002 FieldTitle1.jpg
2001.11.17 17:16 B D:\sbsc360sSp2002\index.html --> staff.csumb.edu /students/sz/valladeressalvar/private/sbsc360sSp2002 index.html
2001.11.17 17:16 B D:\sbsc360sSp2002\Introduction.jpg --> staff.csumb.edu /students/sz/valladeressalvar/private/sbsc360sSp2002 Introduction.jpg
2001.11.17 17:16 B D:\sbsc360sSp2002\Journals.jpg --> staff.csumb.edu /students/sz/valladeressalvar/private/sbsc360sSp2002 Journals.jpg
2001.11.17 17:16 B D:\sbsc360sSp2002\mission3.jpg --> staff.csumb.edu /students/sz/valladeressalvar/private/sbsc360sSp2002 mission3.jpg
2001.11.17 17:16 B D:\sbsc360sSp2002\n10w38ne4.jpg --> staff.csumb.edu /students/sz/valladeressalvar/private/sbsc360sSp2002 n10w38ne4.jpg
2001.11.17 17:16 B D:\sbsc360sSp2002\n10w38ne4_2.jpg --> staff.csumb.edu /students/sz/valladeressalvar/private/sbsc360sSp2002 n10w38ne4_2.jpg
2001.11.17 17:16 B D:\sbsc360sSp2002\readings.html --> staff.csumb.edu /students/sz/valladeressalvar/private/sbsc360sSp2002 readings.html
2001.11.17 17:16 B D:\sbsc360sSp2002\Readings.jpg --> staff.csumb.edu /students/sz/valladeressalvar/private/sbsc360sSp2002 Readings.jpg
2001.11.17 17:16 B D:\sbsc360sSp2002\Requirements.html --> staff.csumb.edu /students/sz/valladeressalvar/private/sbsc360sSp2002 Requirements.html
2001.11.17 17:16 B D:\sbsc360sSp2002\Requirements.jpg --> staff.csumb.edu /students/sz/valladeressalvar/private/sbsc360sSp2002 Requirements.jpg
2001.11.17 17:16 B D:\sbsc360sSp2002\Resources.jpg --> staff.csumb.edu /students/sz/valladeressalvar/private/sbsc360sSp2002 Resources.jpg
2001.11.17 17:16 B D:\sbsc360sSp2002\sbsm350sMain.jpg --> staff.csumb.edu /students/sz/valladeressalvar/private/sbsc360sSp2002 sbsm350sMain.jpg
2001.11.17 17:16 B D:\sbsc360sSp2002\schedule.html --> staff.csumb.edu /students/sz/valladeressalvar/private/sbsc360sSp2002 schedule.html
2001.11.17 17:16 B D:\sbsc360sSp2002\Schedule.jpg --> staff.csumb.edu /students/sz/valladeressalvar/private/sbsc360sSp2002 Schedule.jpg
2001.11.19 17:32 B D:\sbsc360sSp2002\Advising.html --> seal.csumb.edu /students/sz/valladeressalvar/world/sbsc360sSp2002 Advising.html
2001.11.19 17:32 B D:\sbsc360sSp2002\Advising.jpg --> seal.csumb.edu /students/sz/valladeressalvar/world/sbsc360sSp2002 Advising.jpg
2001.11.19 17:32 B D:\sbsc360sSp2002\Assessment.jpg --> seal.csumb.edu /students/sz/valladeressalvar/world/sbsc360sSp2002 Assessment.jpg
2001.11.19 17:32 B D:\sbsc360sSp2002\Deliverables.jpg --> seal.csumb.edu /students/sz/valladeressalvar/world/sbsc360sSp2002 Deliverables.jpg
2001.11.19 17:32 B D:\sbsc360sSp2002\description.html --> seal.csumb.edu /students/sz/valladeressalvar/world/sbsc360sSp2002 description.html
2001.11.19 17:32 B D:\sbsc360sSp2002\FieldTitle1.jpg --> seal.csumb.edu /students/sz/valladeressalvar/world/sbsc360sSp2002 FieldTitle1.jpg
2001.11.19 17:32 B D:\sbsc360sSp2002\FINDER.DAT --> seal.csumb.edu /students/sz/valladeressalvar/world/sbsc360sSp2002 FINDER.DAT
2001.11.19 17:32 B D:\sbsc360sSp2002\index.htm --> seal.csumb.edu /students/sz/valladeressalvar/world/sbsc360sSp2002 index.htm
2001.11.19 17:32 B D:\sbsc360sSp2002\indexcontent.html --> seal.csumb.edu /students/sz/valladeressalvar/world/sbsc360sSp2002 indexcontent.html
2001.11.19 17:32 B D:\sbsc360sSp2002\Introduction.jpg --> seal.csumb.edu /students/sz/valladeressalvar/world/sbsc360sSp2002 Introduction.jpg
2001.11.19 17:32 B D:\sbsc360sSp2002\Journals.jpg --> seal.csumb.edu /students/sz/valladeressalvar/world/sbsc360sSp2002 Journals.jpg
2001.11.19 17:32 B D:\sbsc360sSp2002\lat_menu.htm --> seal.csumb.edu /students/sz/valladeressalvar/world/sbsc360sSp2002 lat_menu.htm
2001.11.19 17:32 B D:\sbsc360sSp2002\mission3.jpg --> seal.csumb.edu /students/sz/valladeressalvar/world/sbsc360sSp2002 mission3.jpg
2001.11.19 17:32 B D:\sbsc360sSp2002\n10w38ne4.jpg --> seal.csumb.edu /students/sz/valladeressalvar/world/sbsc360sSp2002 n10w38ne4.jpg
2001.11.19 17:32 B D:\sbsc360sSp2002\n10w38ne4_2.jpg --> seal.csumb.edu /students/sz/valladeressalvar/world/sbsc360sSp2002 n10w38ne4_2.jpg
2001.11.19 17:32 B D:\sbsc360sSp2002\readings.html --> seal.csumb.edu /students/sz/valladeressalvar/world/sbsc360sSp2002 readings.html
2001.11.19 17:32 B D:\sbsc360sSp2002\Readings.jpg --> seal.csumb.edu /students/sz/valladeressalvar/world/sbsc360sSp2002 Readings.jpg
2001.11.19 17:32 B D:\sbsc360sSp2002\Requirements.html --> seal.csumb.edu /students/sz/valladeressalvar/world/sbsc360sSp2002 Requirements.html
2001.11.19 17:32 B D:\sbsc360sSp2002\Requirements.jpg --> seal.csumb.edu /students/sz/valladeressalvar/world/sbsc360sSp2002 Requirements.jpg
2001.11.19 17:32 B D:\sbsc360sSp2002\Resources.jpg --> seal.csumb.edu /students/sz/valladeressalvar/world/sbsc360sSp2002 Resources.jpg
2001.11.19 17:32 B D:\sbsc360sSp2002\sbsm350sMain.jpg --> seal.csumb.edu /students/sz/valladeressalvar/world/sbsc360sSp2002 sbsm350sMain.jpg
2001.11.19 17:32 B D:\sbsc360sSp2002\schedule.html --> seal.csumb.edu /students/sz/valladeressalvar/world/sbsc360sSp2002 schedule.html
2001.11.19 17:32 B D:\sbsc360sSp2002\Schedule.jpg --> seal.csumb.edu /students/sz/valladeressalvar/world/sbsc360sSp2002 Schedule.jpg
2001.12.14 13:31 B D:\ruben_mendoza\sbsc360sSp2002\WS_FTP.LOG <-- seal /students/sz/valladeressalvar/private/ruben_mendoza/sbsc360sSp2002 WS_FTP.LOG
