2001.11.17 17:16 B D:\sbsc324sSp2002\21.gif --> staff.csumb.edu /students/sz/valladeressalvar/private/sbsc324sSp2002 21.gif
2001.11.17 17:16 B D:\sbsc324sSp2002\advise.html --> staff.csumb.edu /students/sz/valladeressalvar/private/sbsc324sSp2002 advise.html
2001.11.17 17:16 B D:\sbsc324sSp2002\Assessment.jpg --> staff.csumb.edu /students/sz/valladeressalvar/private/sbsc324sSp2002 Assessment.jpg
2001.11.17 17:16 B D:\sbsc324sSp2002\ASTV.jpg --> staff.csumb.edu /students/sz/valladeressalvar/private/sbsc324sSp2002 ASTV.jpg
2001.11.17 17:16 B D:\sbsc324sSp2002\ASTV.psd --> staff.csumb.edu /students/sz/valladeressalvar/private/sbsc324sSp2002 ASTV.psd
2001.11.17 17:16 B D:\sbsc324sSp2002\b93.gif --> staff.csumb.edu /students/sz/valladeressalvar/private/sbsc324sSp2002 b93.gif
2001.11.17 17:16 B D:\sbsc324sSp2002\b_back.gif --> staff.csumb.edu /students/sz/valladeressalvar/private/sbsc324sSp2002 b_back.gif
2001.11.17 17:16 B D:\sbsc324sSp2002\b_home.gif --> staff.csumb.edu /students/sz/valladeressalvar/private/sbsc324sSp2002 b_home.gif
2001.11.17 17:16 B D:\sbsc324sSp2002\b_next.gif --> staff.csumb.edu /students/sz/valladeressalvar/private/sbsc324sSp2002 b_next.gif
2001.11.17 17:16 B D:\sbsc324sSp2002\Back.gif --> staff.csumb.edu /students/sz/valladeressalvar/private/sbsc324sSp2002 Back.gif
2001.11.17 17:16 B D:\sbsc324sSp2002\borsamp8a.jpg --> staff.csumb.edu /students/sz/valladeressalvar/private/sbsc324sSp2002 borsamp8a.jpg
2001.11.17 17:16 B D:\sbsc324sSp2002\button9.jpg --> staff.csumb.edu /students/sz/valladeressalvar/private/sbsc324sSp2002 button9.jpg
2001.11.17 17:16 B D:\sbsc324sSp2002\content.html --> staff.csumb.edu /students/sz/valladeressalvar/private/sbsc324sSp2002 content.html
2001.11.17 17:16 B D:\sbsc324sSp2002\deliverables.html --> staff.csumb.edu /students/sz/valladeressalvar/private/sbsc324sSp2002 deliverables.html
2001.11.17 17:16 B D:\sbsc324sSp2002\Deliverables.jpg --> staff.csumb.edu /students/sz/valladeressalvar/private/sbsc324sSp2002 Deliverables.jpg
2001.11.17 17:16 B D:\sbsc324sSp2002\description.html --> staff.csumb.edu /students/sz/valladeressalvar/private/sbsc324sSp2002 description.html
2001.11.17 17:16 B D:\sbsc324sSp2002\Description.jpg --> staff.csumb.edu /students/sz/valladeressalvar/private/sbsc324sSp2002 Description.jpg
2001.11.17 17:16 B D:\sbsc324sSp2002\divider1.gif --> staff.csumb.edu /students/sz/valladeressalvar/private/sbsc324sSp2002 divider1.gif
2001.11.17 17:16 B D:\sbsc324sSp2002\e-mail.gif --> staff.csumb.edu /students/sz/valladeressalvar/private/sbsc324sSp2002 e-mail.gif
2001.11.17 17:16 B D:\sbsc324sSp2002\earth3.gif --> staff.csumb.edu /students/sz/valladeressalvar/private/sbsc324sSp2002 earth3.gif
2001.11.17 17:16 B D:\sbsc324sSp2002\Forward.gif --> staff.csumb.edu /students/sz/valladeressalvar/private/sbsc324sSp2002 Forward.gif
2001.11.17 17:16 B D:\sbsc324sSp2002\index.html --> staff.csumb.edu /students/sz/valladeressalvar/private/sbsc324sSp2002 index.html
2001.11.17 17:16 B D:\sbsc324sSp2002\lateralmenu.htm --> staff.csumb.edu /students/sz/valladeressalvar/private/sbsc324sSp2002 lateralmenu.htm
2001.11.17 17:16 B D:\sbsc324sSp2002\LD1Sampling.html --> staff.csumb.edu /students/sz/valladeressalvar/private/sbsc324sSp2002 LD1Sampling.html
2001.11.17 17:16 B D:\sbsc324sSp2002\LD2video.html --> staff.csumb.edu /students/sz/valladeressalvar/private/sbsc324sSp2002 LD2video.html
2001.11.17 17:16 B D:\sbsc324sSp2002\LD3modmat.html --> staff.csumb.edu /students/sz/valladeressalvar/private/sbsc324sSp2002 LD3modmat.html
2001.11.17 17:16 B D:\sbsc324sSp2002\LD4methods.html --> staff.csumb.edu /students/sz/valladeressalvar/private/sbsc324sSp2002 LD4methods.html
2001.11.17 17:16 B D:\sbsc324sSp2002\LD5readings.html --> staff.csumb.edu /students/sz/valladeressalvar/private/sbsc324sSp2002 LD5readings.html
2001.11.17 17:16 B D:\sbsc324sSp2002\LD6tools.html --> staff.csumb.edu /students/sz/valladeressalvar/private/sbsc324sSp2002 LD6tools.html
2001.11.17 17:16 B D:\sbsc324sSp2002\LD7oral.html --> staff.csumb.edu /students/sz/valladeressalvar/private/sbsc324sSp2002 LD7oral.html
2001.11.17 17:16 B D:\sbsc324sSp2002\left30.gif --> staff.csumb.edu /students/sz/valladeressalvar/private/sbsc324sSp2002 left30.gif
2001.11.17 17:16 B D:\sbsc324sSp2002\MD1assessment.html --> staff.csumb.edu /students/sz/valladeressalvar/private/sbsc324sSp2002 MD1assessment.html
2001.11.17 17:16 B D:\sbsc324sSp2002\MD2proposal.html --> staff.csumb.edu /students/sz/valladeressalvar/private/sbsc324sSp2002 MD2proposal.html
2001.11.17 17:16 B D:\sbsc324sSp2002\MD3journal.html --> staff.csumb.edu /students/sz/valladeressalvar/private/sbsc324sSp2002 MD3journal.html
2001.11.17 17:16 B D:\sbsc324sSp2002\MD4textexercises.html --> staff.csumb.edu /students/sz/valladeressalvar/private/sbsc324sSp2002 MD4textexercises.html
2001.11.17 17:16 B D:\sbsc324sSp2002\MD5portfolio.html --> staff.csumb.edu /students/sz/valladeressalvar/private/sbsc324sSp2002 MD5portfolio.html
2001.11.17 17:16 B D:\sbsc324sSp2002\nb8.jpg --> staff.csumb.edu /students/sz/valladeressalvar/private/sbsc324sSp2002 nb8.jpg
2001.11.17 17:16 B D:\sbsc324sSp2002\Petroglyphs.JPG --> staff.csumb.edu /students/sz/valladeressalvar/private/sbsc324sSp2002 Petroglyphs.JPG
2001.11.17 17:16 B D:\sbsc324sSp2002\portfolios.html --> staff.csumb.edu /students/sz/valladeressalvar/private/sbsc324sSp2002 portfolios.html
2001.11.17 17:16 B D:\sbsc324sSp2002\questionnaire1.html --> staff.csumb.edu /students/sz/valladeressalvar/private/sbsc324sSp2002 questionnaire1.html
2001.11.17 17:16 B D:\sbsc324sSp2002\readings.html --> staff.csumb.edu /students/sz/valladeressalvar/private/sbsc324sSp2002 readings.html
2001.11.17 17:16 B D:\sbsc324sSp2002\Readings.jpg --> staff.csumb.edu /students/sz/valladeressalvar/private/sbsc324sSp2002 Readings.jpg
2001.11.17 17:16 B D:\sbsc324sSp2002\requirements.html --> staff.csumb.edu /students/sz/valladeressalvar/private/sbsc324sSp2002 requirements.html
2001.11.17 17:16 B D:\sbsc324sSp2002\Requirements.jpg --> staff.csumb.edu /students/sz/valladeressalvar/private/sbsc324sSp2002 Requirements.jpg
2001.11.17 17:16 B D:\sbsc324sSp2002\Resources.jpg --> staff.csumb.edu /students/sz/valladeressalvar/private/sbsc324sSp2002 Resources.jpg
2001.11.17 17:16 B D:\sbsc324sSp2002\RGM8-27-99v3.jpg --> staff.csumb.edu /students/sz/valladeressalvar/private/sbsc324sSp2002 RGM8-27-99v3.jpg
2001.11.17 17:16 B D:\sbsc324sSp2002\right30.gif --> staff.csumb.edu /students/sz/valladeressalvar/private/sbsc324sSp2002 right30.gif
2001.11.17 17:16 B D:\sbsc324sSp2002\ruben_shovel2_shadow.jpg --> staff.csumb.edu /students/sz/valladeressalvar/private/sbsc324sSp2002 ruben_shovel2_shadow.jpg
2001.11.17 17:16 B D:\sbsc324sSp2002\sbsa224sv3.jpg --> staff.csumb.edu /students/sz/valladeressalvar/private/sbsc324sSp2002 sbsa224sv3.jpg
2001.11.17 17:16 B D:\sbsc324sSp2002\Schedule.jpg --> staff.csumb.edu /students/sz/valladeressalvar/private/sbsc324sSp2002 Schedule.jpg
2001.11.17 17:16 B D:\sbsc324sSp2002\scheduleF99.htm --> staff.csumb.edu /students/sz/valladeressalvar/private/sbsc324sSp2002 scheduleF99.htm
2001.11.17 17:16 B D:\sbsc324sSp2002\sjbDig7-30-99v1.jpg --> staff.csumb.edu /students/sz/valladeressalvar/private/sbsc324sSp2002 sjbDig7-30-99v1.jpg
2001.11.17 17:16 B D:\sbsc324sSp2002\sjbDig7-30-99v2.jpg --> staff.csumb.edu /students/sz/valladeressalvar/private/sbsc324sSp2002 sjbDig7-30-99v2.jpg
2001.11.17 17:16 B D:\sbsc324sSp2002\Title1.jpg --> staff.csumb.edu /students/sz/valladeressalvar/private/sbsc324sSp2002 Title1.jpg
2001.11.17 17:16 B D:\sbsc324sSp2002\Trowel.jpg --> staff.csumb.edu /students/sz/valladeressalvar/private/sbsc324sSp2002 Trowel.jpg
2001.11.17 17:16 B D:\sbsc324sSp2002\VirtualCompass.gif --> staff.csumb.edu /students/sz/valladeressalvar/private/sbsc324sSp2002 VirtualCompass.gif
2001.11.19 17:31 B D:\sbsc324sSp2002\21.gif --> seal.csumb.edu /students/sz/valladeressalvar/world/sbsc324sSp2002 21.gif
2001.11.19 17:31 B D:\sbsc324sSp2002\advise.html --> seal.csumb.edu /students/sz/valladeressalvar/world/sbsc324sSp2002 advise.html
2001.11.19 17:31 B D:\sbsc324sSp2002\Assessment.jpg --> seal.csumb.edu /students/sz/valladeressalvar/world/sbsc324sSp2002 Assessment.jpg
2001.11.19 17:31 B D:\sbsc324sSp2002\ASTV.jpg --> seal.csumb.edu /students/sz/valladeressalvar/world/sbsc324sSp2002 ASTV.jpg
2001.11.19 17:31 B D:\sbsc324sSp2002\ASTV.psd --> seal.csumb.edu /students/sz/valladeressalvar/world/sbsc324sSp2002 ASTV.psd
2001.11.19 17:31 B D:\sbsc324sSp2002\b93.gif --> seal.csumb.edu /students/sz/valladeressalvar/world/sbsc324sSp2002 b93.gif
2001.11.19 17:31 B D:\sbsc324sSp2002\b_back.gif --> seal.csumb.edu /students/sz/valladeressalvar/world/sbsc324sSp2002 b_back.gif
2001.11.19 17:31 B D:\sbsc324sSp2002\b_home.gif --> seal.csumb.edu /students/sz/valladeressalvar/world/sbsc324sSp2002 b_home.gif
2001.11.19 17:31 B D:\sbsc324sSp2002\b_next.gif --> seal.csumb.edu /students/sz/valladeressalvar/world/sbsc324sSp2002 b_next.gif
2001.11.19 17:31 B D:\sbsc324sSp2002\Back.gif --> seal.csumb.edu /students/sz/valladeressalvar/world/sbsc324sSp2002 Back.gif
2001.11.19 17:31 B D:\sbsc324sSp2002\borsamp8a.jpg --> seal.csumb.edu /students/sz/valladeressalvar/world/sbsc324sSp2002 borsamp8a.jpg
2001.11.19 17:31 B D:\sbsc324sSp2002\button9.jpg --> seal.csumb.edu /students/sz/valladeressalvar/world/sbsc324sSp2002 button9.jpg
2001.11.19 17:31 B D:\sbsc324sSp2002\content.html --> seal.csumb.edu /students/sz/valladeressalvar/world/sbsc324sSp2002 content.html
2001.11.19 17:31 B D:\sbsc324sSp2002\content_frameset.htm --> seal.csumb.edu /students/sz/valladeressalvar/world/sbsc324sSp2002 content_frameset.htm
2001.11.19 17:31 B D:\sbsc324sSp2002\deliverables.html --> seal.csumb.edu /students/sz/valladeressalvar/world/sbsc324sSp2002 deliverables.html
2001.11.19 17:31 B D:\sbsc324sSp2002\Deliverables.jpg --> seal.csumb.edu /students/sz/valladeressalvar/world/sbsc324sSp2002 Deliverables.jpg
2001.11.19 17:31 B D:\sbsc324sSp2002\description.html --> seal.csumb.edu /students/sz/valladeressalvar/world/sbsc324sSp2002 description.html
2001.11.19 17:31 B D:\sbsc324sSp2002\Description.jpg --> seal.csumb.edu /students/sz/valladeressalvar/world/sbsc324sSp2002 Description.jpg
2001.11.19 17:31 B D:\sbsc324sSp2002\divider1.gif --> seal.csumb.edu /students/sz/valladeressalvar/world/sbsc324sSp2002 divider1.gif
2001.11.19 17:31 B D:\sbsc324sSp2002\e-mail.gif --> seal.csumb.edu /students/sz/valladeressalvar/world/sbsc324sSp2002 e-mail.gif
2001.11.19 17:31 B D:\sbsc324sSp2002\earth3.gif --> seal.csumb.edu /students/sz/valladeressalvar/world/sbsc324sSp2002 earth3.gif
2001.11.19 17:31 B D:\sbsc324sSp2002\FINDER.DAT --> seal.csumb.edu /students/sz/valladeressalvar/world/sbsc324sSp2002 FINDER.DAT
2001.11.19 17:31 B D:\sbsc324sSp2002\Forward.gif --> seal.csumb.edu /students/sz/valladeressalvar/world/sbsc324sSp2002 Forward.gif
2001.11.19 17:31 B D:\sbsc324sSp2002\index.html --> seal.csumb.edu /students/sz/valladeressalvar/world/sbsc324sSp2002 index.html
2001.11.19 17:31 B D:\sbsc324sSp2002\lat_menu.htm --> seal.csumb.edu /students/sz/valladeressalvar/world/sbsc324sSp2002 lat_menu.htm
2001.11.19 17:31 B D:\sbsc324sSp2002\lateralmenu.htm --> seal.csumb.edu /students/sz/valladeressalvar/world/sbsc324sSp2002 lateralmenu.htm
2001.11.19 17:31 B D:\sbsc324sSp2002\LD1Sampling.html --> seal.csumb.edu /students/sz/valladeressalvar/world/sbsc324sSp2002 LD1Sampling.html
2001.11.19 17:31 B D:\sbsc324sSp2002\LD2video.html --> seal.csumb.edu /students/sz/valladeressalvar/world/sbsc324sSp2002 LD2video.html
2001.11.19 17:31 B D:\sbsc324sSp2002\LD3modmat.html --> seal.csumb.edu /students/sz/valladeressalvar/world/sbsc324sSp2002 LD3modmat.html
2001.11.19 17:31 B D:\sbsc324sSp2002\LD4methods.html --> seal.csumb.edu /students/sz/valladeressalvar/world/sbsc324sSp2002 LD4methods.html
2001.11.19 17:31 B D:\sbsc324sSp2002\LD5readings.html --> seal.csumb.edu /students/sz/valladeressalvar/world/sbsc324sSp2002 LD5readings.html
2001.11.19 17:31 B D:\sbsc324sSp2002\LD6tools.html --> seal.csumb.edu /students/sz/valladeressalvar/world/sbsc324sSp2002 LD6tools.html
2001.11.19 17:31 B D:\sbsc324sSp2002\LD7oral.html --> seal.csumb.edu /students/sz/valladeressalvar/world/sbsc324sSp2002 LD7oral.html
2001.11.19 17:31 B D:\sbsc324sSp2002\left30.gif --> seal.csumb.edu /students/sz/valladeressalvar/world/sbsc324sSp2002 left30.gif
2001.11.19 17:31 B D:\sbsc324sSp2002\MD1assessment.html --> seal.csumb.edu /students/sz/valladeressalvar/world/sbsc324sSp2002 MD1assessment.html
2001.11.19 17:31 B D:\sbsc324sSp2002\MD2proposal.html --> seal.csumb.edu /students/sz/valladeressalvar/world/sbsc324sSp2002 MD2proposal.html
2001.11.19 17:31 B D:\sbsc324sSp2002\MD3journal.html --> seal.csumb.edu /students/sz/valladeressalvar/world/sbsc324sSp2002 MD3journal.html
2001.11.19 17:31 B D:\sbsc324sSp2002\MD4textexercises.html --> seal.csumb.edu /students/sz/valladeressalvar/world/sbsc324sSp2002 MD4textexercises.html
2001.11.19 17:31 B D:\sbsc324sSp2002\MD5portfolio.html --> seal.csumb.edu /students/sz/valladeressalvar/world/sbsc324sSp2002 MD5portfolio.html
2001.11.19 17:31 B D:\sbsc324sSp2002\nb8.jpg --> seal.csumb.edu /students/sz/valladeressalvar/world/sbsc324sSp2002 nb8.jpg
2001.11.19 17:31 B D:\sbsc324sSp2002\Petroglyphs.JPG --> seal.csumb.edu /students/sz/valladeressalvar/world/sbsc324sSp2002 Petroglyphs.JPG
2001.11.19 17:31 B D:\sbsc324sSp2002\portfolios.html --> seal.csumb.edu /students/sz/valladeressalvar/world/sbsc324sSp2002 portfolios.html
2001.11.19 17:31 B D:\sbsc324sSp2002\questionnaire1.html --> seal.csumb.edu /students/sz/valladeressalvar/world/sbsc324sSp2002 questionnaire1.html
2001.11.19 17:31 B D:\sbsc324sSp2002\readings.html --> seal.csumb.edu /students/sz/valladeressalvar/world/sbsc324sSp2002 readings.html
2001.11.19 17:31 B D:\sbsc324sSp2002\Readings.jpg --> seal.csumb.edu /students/sz/valladeressalvar/world/sbsc324sSp2002 Readings.jpg
2001.11.19 17:31 B D:\sbsc324sSp2002\requirements.html --> seal.csumb.edu /students/sz/valladeressalvar/world/sbsc324sSp2002 requirements.html
2001.11.19 17:31 B D:\sbsc324sSp2002\Requirements.jpg --> seal.csumb.edu /students/sz/valladeressalvar/world/sbsc324sSp2002 Requirements.jpg
2001.11.19 17:31 B D:\sbsc324sSp2002\Resources.jpg --> seal.csumb.edu /students/sz/valladeressalvar/world/sbsc324sSp2002 Resources.jpg
2001.11.19 17:31 B D:\sbsc324sSp2002\RGM8-27-99v3.jpg --> seal.csumb.edu /students/sz/valladeressalvar/world/sbsc324sSp2002 RGM8-27-99v3.jpg
2001.11.19 17:31 B D:\sbsc324sSp2002\right30.gif --> seal.csumb.edu /students/sz/valladeressalvar/world/sbsc324sSp2002 right30.gif
2001.11.19 17:31 B D:\sbsc324sSp2002\ruben_shovel2_shadow.jpg --> seal.csumb.edu /students/sz/valladeressalvar/world/sbsc324sSp2002 ruben_shovel2_shadow.jpg
2001.11.19 17:31 B D:\sbsc324sSp2002\sbsa224sv3.jpg --> seal.csumb.edu /students/sz/valladeressalvar/world/sbsc324sSp2002 sbsa224sv3.jpg
2001.11.19 17:31 B D:\sbsc324sSp2002\Schedule.jpg --> seal.csumb.edu /students/sz/valladeressalvar/world/sbsc324sSp2002 Schedule.jpg
2001.11.19 17:31 B D:\sbsc324sSp2002\scheduleF99.htm --> seal.csumb.edu /students/sz/valladeressalvar/world/sbsc324sSp2002 scheduleF99.htm
2001.11.19 17:31 B D:\sbsc324sSp2002\sjbDig7-30-99v1.jpg --> seal.csumb.edu /students/sz/valladeressalvar/world/sbsc324sSp2002 sjbDig7-30-99v1.jpg
2001.11.19 17:31 B D:\sbsc324sSp2002\sjbDig7-30-99v2.jpg --> seal.csumb.edu /students/sz/valladeressalvar/world/sbsc324sSp2002 sjbDig7-30-99v2.jpg
2001.11.19 17:31 B D:\sbsc324sSp2002\Title1.jpg --> seal.csumb.edu /students/sz/valladeressalvar/world/sbsc324sSp2002 Title1.jpg
2001.11.19 17:31 B D:\sbsc324sSp2002\Trowel.jpg --> seal.csumb.edu /students/sz/valladeressalvar/world/sbsc324sSp2002 Trowel.jpg
2001.11.19 17:31 B D:\sbsc324sSp2002\VirtualCompass.gif --> seal.csumb.edu /students/sz/valladeressalvar/world/sbsc324sSp2002 VirtualCompass.gif
2001.12.14 13:31 B D:\ruben_mendoza\sbsc324sSp2002\WS_FTP.LOG <-- seal /students/sz/valladeressalvar/private/ruben_mendoza/sbsc324sSp2002 WS_FTP.LOG
