2001.11.17 17:16 B D:\sbsc360sSp2002\titles\Advising.jpg --> staff.csumb.edu /students/sz/valladeressalvar/private/sbsc360sSp2002/titles Advising.jpg
2001.11.17 17:16 B D:\sbsc360sSp2002\titles\Advising.psd --> staff.csumb.edu /students/sz/valladeressalvar/private/sbsc360sSp2002/titles Advising.psd
2001.11.17 17:16 B D:\sbsc360sSp2002\titles\Assessment.jpg --> staff.csumb.edu /students/sz/valladeressalvar/private/sbsc360sSp2002/titles Assessment.jpg
2001.11.17 17:16 B D:\sbsc360sSp2002\titles\Assessment.psd --> staff.csumb.edu /students/sz/valladeressalvar/private/sbsc360sSp2002/titles Assessment.psd
2001.11.17 17:16 B D:\sbsc360sSp2002\titles\Deliverables.jpg --> staff.csumb.edu /students/sz/valladeressalvar/private/sbsc360sSp2002/titles Deliverables.jpg
2001.11.17 17:16 B D:\sbsc360sSp2002\titles\Deliverables.psd --> staff.csumb.edu /students/sz/valladeressalvar/private/sbsc360sSp2002/titles Deliverables.psd
2001.11.17 17:16 B D:\sbsc360sSp2002\titles\FieldTitle1.jpg --> staff.csumb.edu /students/sz/valladeressalvar/private/sbsc360sSp2002/titles FieldTitle1.jpg
2001.11.17 17:16 B D:\sbsc360sSp2002\titles\Introduction.jpg --> staff.csumb.edu /students/sz/valladeressalvar/private/sbsc360sSp2002/titles Introduction.jpg
2001.11.17 17:16 B D:\sbsc360sSp2002\titles\Introduction.psd --> staff.csumb.edu /students/sz/valladeressalvar/private/sbsc360sSp2002/titles Introduction.psd
2001.11.17 17:16 B D:\sbsc360sSp2002\titles\Journals.jpg --> staff.csumb.edu /students/sz/valladeressalvar/private/sbsc360sSp2002/titles Journals.jpg
2001.11.17 17:16 B D:\sbsc360sSp2002\titles\Journals.psd --> staff.csumb.edu /students/sz/valladeressalvar/private/sbsc360sSp2002/titles Journals.psd
2001.11.17 17:16 B D:\sbsc360sSp2002\titles\Readings.jpg --> staff.csumb.edu /students/sz/valladeressalvar/private/sbsc360sSp2002/titles Readings.jpg
2001.11.17 17:16 B D:\sbsc360sSp2002\titles\Readings.psd --> staff.csumb.edu /students/sz/valladeressalvar/private/sbsc360sSp2002/titles Readings.psd
2001.11.17 17:16 B D:\sbsc360sSp2002\titles\Requirements.jpg --> staff.csumb.edu /students/sz/valladeressalvar/private/sbsc360sSp2002/titles Requirements.jpg
2001.11.17 17:16 B D:\sbsc360sSp2002\titles\Requirements.psd --> staff.csumb.edu /students/sz/valladeressalvar/private/sbsc360sSp2002/titles Requirements.psd
2001.11.17 17:16 B D:\sbsc360sSp2002\titles\Resources.jpg --> staff.csumb.edu /students/sz/valladeressalvar/private/sbsc360sSp2002/titles Resources.jpg
2001.11.17 17:16 B D:\sbsc360sSp2002\titles\Resources.psd --> staff.csumb.edu /students/sz/valladeressalvar/private/sbsc360sSp2002/titles Resources.psd
2001.11.17 17:16 B D:\sbsc360sSp2002\titles\sbsm350sMain.jpg --> staff.csumb.edu /students/sz/valladeressalvar/private/sbsc360sSp2002/titles sbsm350sMain.jpg
2001.11.17 17:16 B D:\sbsc360sSp2002\titles\sbsm350sMain.psd --> staff.csumb.edu /students/sz/valladeressalvar/private/sbsc360sSp2002/titles sbsm350sMain.psd
2001.11.17 17:16 B D:\sbsc360sSp2002\titles\Schedule.jpg --> staff.csumb.edu /students/sz/valladeressalvar/private/sbsc360sSp2002/titles Schedule.jpg
2001.11.17 17:16 B D:\sbsc360sSp2002\titles\Schedule.psd --> staff.csumb.edu /students/sz/valladeressalvar/private/sbsc360sSp2002/titles Schedule.psd
2001.11.19 17:32 B D:\sbsc360sSp2002\titles\Advising.jpg --> seal.csumb.edu /students/sz/valladeressalvar/world/sbsc360sSp2002/titles Advising.jpg
2001.11.19 17:32 B D:\sbsc360sSp2002\titles\Advising.psd --> seal.csumb.edu /students/sz/valladeressalvar/world/sbsc360sSp2002/titles Advising.psd
2001.11.19 17:32 B D:\sbsc360sSp2002\titles\Assessment.jpg --> seal.csumb.edu /students/sz/valladeressalvar/world/sbsc360sSp2002/titles Assessment.jpg
2001.11.19 17:32 B D:\sbsc360sSp2002\titles\Assessment.psd --> seal.csumb.edu /students/sz/valladeressalvar/world/sbsc360sSp2002/titles Assessment.psd
2001.11.19 17:32 B D:\sbsc360sSp2002\titles\Deliverables.jpg --> seal.csumb.edu /students/sz/valladeressalvar/world/sbsc360sSp2002/titles Deliverables.jpg
2001.11.19 17:32 B D:\sbsc360sSp2002\titles\Deliverables.psd --> seal.csumb.edu /students/sz/valladeressalvar/world/sbsc360sSp2002/titles Deliverables.psd
2001.11.19 17:32 B D:\sbsc360sSp2002\titles\FieldTitle1.jpg --> seal.csumb.edu /students/sz/valladeressalvar/world/sbsc360sSp2002/titles FieldTitle1.jpg
2001.11.19 17:32 B D:\sbsc360sSp2002\titles\FINDER.DAT --> seal.csumb.edu /students/sz/valladeressalvar/world/sbsc360sSp2002/titles FINDER.DAT
2001.11.19 17:32 B D:\sbsc360sSp2002\titles\Introduction.jpg --> seal.csumb.edu /students/sz/valladeressalvar/world/sbsc360sSp2002/titles Introduction.jpg
2001.11.19 17:32 B D:\sbsc360sSp2002\titles\Introduction.psd --> seal.csumb.edu /students/sz/valladeressalvar/world/sbsc360sSp2002/titles Introduction.psd
2001.11.19 17:32 B D:\sbsc360sSp2002\titles\Journals.jpg --> seal.csumb.edu /students/sz/valladeressalvar/world/sbsc360sSp2002/titles Journals.jpg
2001.11.19 17:32 B D:\sbsc360sSp2002\titles\Journals.psd --> seal.csumb.edu /students/sz/valladeressalvar/world/sbsc360sSp2002/titles Journals.psd
2001.11.19 17:32 B D:\sbsc360sSp2002\titles\Readings.jpg --> seal.csumb.edu /students/sz/valladeressalvar/world/sbsc360sSp2002/titles Readings.jpg
2001.11.19 17:32 B D:\sbsc360sSp2002\titles\Readings.psd --> seal.csumb.edu /students/sz/valladeressalvar/world/sbsc360sSp2002/titles Readings.psd
2001.11.19 17:32 B D:\sbsc360sSp2002\titles\Requirements.jpg --> seal.csumb.edu /students/sz/valladeressalvar/world/sbsc360sSp2002/titles Requirements.jpg
2001.11.19 17:32 B D:\sbsc360sSp2002\titles\Requirements.psd --> seal.csumb.edu /students/sz/valladeressalvar/world/sbsc360sSp2002/titles Requirements.psd
2001.11.19 17:32 B D:\sbsc360sSp2002\titles\Resources.jpg --> seal.csumb.edu /students/sz/valladeressalvar/world/sbsc360sSp2002/titles Resources.jpg
2001.11.19 17:32 B D:\sbsc360sSp2002\titles\Resources.psd --> seal.csumb.edu /students/sz/valladeressalvar/world/sbsc360sSp2002/titles Resources.psd
2001.11.19 17:32 B D:\sbsc360sSp2002\titles\sbsm350sMain.jpg --> seal.csumb.edu /students/sz/valladeressalvar/world/sbsc360sSp2002/titles sbsm350sMain.jpg
2001.11.19 17:32 B D:\sbsc360sSp2002\titles\sbsm350sMain.psd --> seal.csumb.edu /students/sz/valladeressalvar/world/sbsc360sSp2002/titles sbsm350sMain.psd
2001.11.19 17:32 B D:\sbsc360sSp2002\titles\Schedule.jpg --> seal.csumb.edu /students/sz/valladeressalvar/world/sbsc360sSp2002/titles Schedule.jpg
2001.11.19 17:32 B D:\sbsc360sSp2002\titles\Schedule.psd --> seal.csumb.edu /students/sz/valladeressalvar/world/sbsc360sSp2002/titles Schedule.psd
2001.12.14 13:31 B D:\ruben_mendoza\sbsc360sSp2002\titles\WS_FTP.LOG <-- seal /students/sz/valladeressalvar/private/ruben_mendoza/sbsc360sSp2002/titles WS_FTP.LOG
