2005.05.09 17:39 B C:\Documents and Settings\rmendoza\Desktop\SacredMysteries\Glossary.htm --> archaeology.csumb.edu C:/sambar61/docs/SacredMysteries Glossary.htm
2005.05.09 17:39 B C:\Documents and Settings\rmendoza\Desktop\SacredMysteries\Images.htm --> archaeology.csumb.edu C:/sambar61/docs/SacredMysteries Images.htm
2005.05.09 17:39 B C:\Documents and Settings\rmendoza\Desktop\SacredMysteries\Index.htm --> archaeology.csumb.edu C:/sambar61/docs/SacredMysteries Index.htm
2005.05.09 17:39 B C:\Documents and Settings\rmendoza\Desktop\SacredMysteries\Introduction.htm --> archaeology.csumb.edu C:/sambar61/docs/SacredMysteries Introduction.htm
2005.05.11 13:36 B C:\Documents and Settings\rmendoza\Desktop\SacredMysteries\Bibliography.htm --> archaeology.csumb.edu C:/sambar61/docs/SacredMysteries Bibliography.htm
2005.05.11 13:36 B C:\Documents and Settings\rmendoza\Desktop\SacredMysteries\Copyright.htm --> archaeology.csumb.edu C:/sambar61/docs/SacredMysteries Copyright.htm
2005.05.11 13:36 B C:\Documents and Settings\rmendoza\Desktop\SacredMysteries\Credits.htm --> archaeology.csumb.edu C:/sambar61/docs/SacredMysteries Credits.htm
2005.05.11 13:36 B C:\Documents and Settings\rmendoza\Desktop\SacredMysteries\FeastDays.htm --> archaeology.csumb.edu C:/sambar61/docs/SacredMysteries FeastDays.htm
2005.05.11 13:36 B C:\Documents and Settings\rmendoza\Desktop\SacredMysteries\Glossary.htm --> archaeology.csumb.edu C:/sambar61/docs/SacredMysteries Glossary.htm
2005.05.11 13:36 B C:\Documents and Settings\rmendoza\Desktop\SacredMysteries\Images.htm --> archaeology.csumb.edu C:/sambar61/docs/SacredMysteries Images.htm
2005.05.11 13:36 B C:\Documents and Settings\rmendoza\Desktop\SacredMysteries\Index.htm --> archaeology.csumb.edu C:/sambar61/docs/SacredMysteries Index.htm
2005.05.11 13:36 B C:\Documents and Settings\rmendoza\Desktop\SacredMysteries\Introduction.htm --> archaeology.csumb.edu C:/sambar61/docs/SacredMysteries Introduction.htm
2005.05.11 13:36 B C:\Documents and Settings\rmendoza\Desktop\SacredMysteries\MaterialCulture.htm --> archaeology.csumb.edu C:/sambar61/docs/SacredMysteries MaterialCulture.htm
2005.05.11 13:36 B C:\Documents and Settings\rmendoza\Desktop\SacredMysteries\Resources.htm --> archaeology.csumb.edu C:/sambar61/docs/SacredMysteries Resources.htm
2005.05.11 13:36 B C:\Documents and Settings\rmendoza\Desktop\SacredMysteries\SacredSpaces.htm --> archaeology.csumb.edu C:/sambar61/docs/SacredMysteries SacredSpaces.htm
2005.05.11 13:36 B C:\Documents and Settings\rmendoza\Desktop\SacredMysteries\Symbology.htm --> archaeology.csumb.edu C:/sambar61/docs/SacredMysteries Symbology.htm
2005.05.11 13:36 B C:\Documents and Settings\rmendoza\Desktop\SacredMysteries\WS_FTP.LOG --> archaeology.csumb.edu C:/sambar61/docs/SacredMysteries WS_FTP.LOG
2005.05.11 17:50 B C:\Documents and Settings\rmendoza\Desktop\SacredMysteries\FeastDays.htm --> archaeology.csumb.edu C:/sambar61/docs/SacredMysteries FeastDays.htm
2005.05.11 17:50 B C:\Documents and Settings\rmendoza\Desktop\SacredMysteries\Images.htm --> archaeology.csumb.edu C:/sambar61/docs/SacredMysteries Images.htm
2005.05.11 17:50 B C:\Documents and Settings\rmendoza\Desktop\SacredMysteries\Introduction.htm --> archaeology.csumb.edu C:/sambar61/docs/SacredMysteries Introduction.htm
2005.05.11 17:50 B C:\Documents and Settings\rmendoza\Desktop\SacredMysteries\MaterialCulture.htm --> archaeology.csumb.edu C:/sambar61/docs/SacredMysteries MaterialCulture.htm
2005.05.11 17:50 B C:\Documents and Settings\rmendoza\Desktop\SacredMysteries\SacredSpaces.htm --> archaeology.csumb.edu C:/sambar61/docs/SacredMysteries SacredSpaces.htm
2005.05.11 17:50 B C:\Documents and Settings\rmendoza\Desktop\SacredMysteries\Symbology.htm --> archaeology.csumb.edu C:/sambar61/docs/SacredMysteries Symbology.htm
